Build started 2/8/2016 11:10:33 PM.
     1>Project "C:\Users\TimothySD\repos\Cloud-10\Intermediate\ProjectFiles\Project3.vcxproj" on node 2 (Build target(s)).
     1>Build:
         "C:\Program Files\Epic Games\4.7\Engine\Build\BatchFiles\Build.bat" Project3Editor Win64 DebugGame "C:\Users\TimothySD\repos\Cloud-10\Project3.uproject" -rocket
         Compiling game modules for hot reload
         Parsing headers for Project3Editor
         Reflection code generated for Project3Editor
         Performing 4 actions (2 in parallel)
         Project3Character.cpp
         Project3.generated.cpp
     1>c:\users\timothysd\repos\cloud-10\source\project3\Project3Character.h(31): warning C4996: TSubobjectPtr is deprecated and should no longer be used. Please use pointers instead.
     1>C:\Users\TimothySD\repos\Cloud-10\Source\Project3\Project3Character.h(31): warning C4996: TSubobjectPtr is deprecated and should no longer be used. Please use pointers instead.
         Project3GameMode.cpp
     1>c:\users\timothysd\repos\cloud-10\source\project3\Project3Character.h(31): warning C4996: TSubobjectPtr is deprecated and should no longer be used. Please use pointers instead.
         [4/4] Link UE4Editor-Project3-9965-Win64-DebugGame.dll
            Creating library C:\Users\TimothySD\repos\Cloud-10\Intermediate\Build\Win64\Project3Editor\DebugGame\UE4Editor-Project3-9965-Win64-DebugGame.lib and object C:\Users\TimothySD\repos\Cloud-10\Intermediate\Build\Win64\Project3Editor\DebugGame\UE4Editor-Project3-9965-Win64-DebugGame.exp
         -------- End Detailed Actions Stats -----------------------------------------------------------
         Cumulative action seconds (4 processors): 0.00 building projects, 112.64 compiling, 0.00 creating app bundles, 0.00 generating debug info, 5.39 linking, 0.00 other
         UBT execution time: 127.18 seconds
     1>Done Building Project "C:\Users\TimothySD\repos\Cloud-10\Intermediate\ProjectFiles\Project3.vcxproj" (Build target(s)).

Build succeeded.

Time Elapsed 00:02:13.86
