Log file open, 02/27/16 19:29:31
LogInit:Display: Running engine for game: Cloud10
LogInit: Version: 4.7.6-2513093+++depot+UE4-Releases+4.7
LogInit: API Version: 2455222
LogInit: Compiled (64-bit): Apr 15 2015 12:09:54
LogInit: Compiled with Visual C++: 18.00.21005.01
LogInit: Build Configuration: Development
LogInit: Branch Name: ++depot+UE4-Releases+4.7
LogInit: Command line:  
LogInit: Base directory: C:/Program Files/Epic Games/4.7/Engine/Binaries/Win64/
LogInit: Rocket: 1
[2016.02.28-00.29.31:167][  0]LogTaskGraph: Started task graph with 3 named threads and 6 total threads.
[2016.02.28-00.29.31:218][  0]LogOnline:Warning: No default platform service specified for OnlineSubsystem
[2016.02.28-00.29.31:229][  0]LogInit: Presizing for 0 objects not considered by GC, pre-allocating 0 bytes.
[2016.02.28-00.29.31:237][  0]LogInit: Object subsystem initialized
[2016.02.28-00.29.31:238][  0]LogConsoleResponse:Warning: Skipping Unknown console variable: 'TranslucentSortAxis = (X=0.000000,Y=-1.000000,Z=0.000000)'
[2016.02.28-00.29.31:238][  0]LogConsoleResponse:Warning:   Found in ini file 'J:/My Documents/Unreal Projects/Cloud10_ver0.3_DiveFix/Saved/Config/Windows/Engine.ini', in section '[/Script/Engine.RendererSettings]'
[2016.02.28-00.29.31:238][  0]LogConsoleResponse:Warning: Skipping Unknown console variable: 'UIScaleRule = ShortestSide'
[2016.02.28-00.29.31:238][  0]LogConsoleResponse:Warning:   Found in ini file 'J:/My Documents/Unreal Projects/Cloud10_ver0.3_DiveFix/Saved/Config/Windows/Engine.ini', in section '[/Script/Engine.RendererSettings]'
[2016.02.28-00.29.31:238][  0]LogConsoleResponse:Warning: Skipping Unknown console variable: 'UIScaleCurve = (EditorCurveData=(Keys=),ExternalCurve=None)'
[2016.02.28-00.29.31:238][  0]LogConsoleResponse:Warning:   Found in ini file 'J:/My Documents/Unreal Projects/Cloud10_ver0.3_DiveFix/Saved/Config/Windows/Engine.ini', in section '[/Script/Engine.RendererSettings]'
[2016.02.28-00.29.31:239][  0]LogInit: Selected Device Profile: [Windows]
[2016.02.28-00.29.31:239][  0]LogInit: Applying CVar settings loaded from the selected device profile: [Windows]
[2016.02.28-00.29.31:306][  0]LogInit: Computer: ETC-TSTATOND
[2016.02.28-00.29.31:306][  0]LogInit: User: tstatond
[2016.02.28-00.29.31:306][  0]LogInit: CPU Page size=4096, Cores=4
[2016.02.28-00.29.31:306][  0]LogInit: High frequency timer resolution =3.312734 MHz
[2016.02.28-00.29.31:306][  0]LogMemory: Memory total: Physical=16.0GB (16GB approx) Virtual=8192.0GB
[2016.02.28-00.29.31:306][  0]LogMemory: Platform Memory Stats for Windows
[2016.02.28-00.29.31:306][  0]LogMemory: Process Physical Memory: 47.83 MB used, 47.83 MB peak
[2016.02.28-00.29.31:306][  0]LogMemory: Process Virtual Memory: 24.35 MB used, 24.35 MB peak
[2016.02.28-00.29.31:306][  0]LogMemory: Physical Memory: 8024.10 MB used, 16335.18 MB total
[2016.02.28-00.29.31:306][  0]LogMemory: Virtual Memory: 277.63 MB used, 8388608.00 MB total
[2016.02.28-00.29.31:325][  0]LogD3D11RHI: Found D3D11 adapter 0: AMD Radeon (TM) R9 200 Series (Feature Level 11_0)
[2016.02.28-00.29.31:326][  0]LogD3D11RHI: Adapter has 2027MB of dedicated video memory, 0MB of dedicated system memory, and 3840MB of shared system memory, 2 output[s]
[2016.02.28-00.29.31:326][  0]LogD3D11RHI: Chosen D3D11 Adapter Id = 0
[2016.02.28-00.29.31:331][  0]LogRHI: Texture pool is 1361 MB (70% of 1945 MB)
[2016.02.28-00.29.31:335][  0]LogD3D11RHI: Async texture creation disabled: no driver support
[2016.02.28-00.29.31:457][  0]LogTextLocalizationManager: The requested culture ('en_US') has no localization data; parent culture's ('en') localization data will be used.
[2016.02.28-00.29.31:507][  0]LogTextLocalizationManager:Warning: Loading localization resources contain conflicting entries for (Namespace:UICommands, Key:Save_ToolTip):
Resource: (C:/Program Files/Epic Games/4.7/Engine/Content/Localization/Editor/en/Editor.locres) Hash: (-29098895) String: (Saves the current level to disk)
Resource: (C:/Program Files/Epic Games/4.7/Engine/Content/Localization/Engine/en/Engine.locres) Hash: (-1280300587) String: (Save selected data to vlog file)
[2016.02.28-00.29.31:509][  0]LogTextLocalizationManager:Warning: Loading localization resources contain conflicting entries for (Namespace:ContentBrowser, Key:ImportAssetToolTip):
Resource: (C:/Program Files/Epic Games/4.7/Engine/Content/Localization/Editor/en/Editor.locres) Hash: (-630476809) String: (Import to {0}...)
Resource: (C:/Program Files/Epic Games/4.7/Engine/Content/Localization/Editor/en/Editor.locres) Hash: (1271782899) String: (Imports an asset from file to this folder.)
[2016.02.28-00.29.31:575][  0]LogContentStreaming: Texture pool size is 0.000000MB
[2016.02.28-00.29.33:872][  0]LogTargetPlatformManager:Display: Building Assets For Windows
[2016.02.28-00.29.34:563][  0]LogTargetPlatformManager:Display: Building Assets For Windows
[2016.02.28-00.29.34:620][  0]LogDerivedDataCache:Display: Max Cache Size: 512 MB
[2016.02.28-00.29.35:099][  0]LogDerivedDataCache: Loaded boot cache 0.48s 40MB C:/Users/tstatond/AppData/Local/UnrealEngine/4.7/DerivedDataCache/Boot.ddc.
[2016.02.28-00.29.35:099][  0]LogDerivedDataCache:Display: Loaded Boot cache: C:/Users/tstatond/AppData/Local/UnrealEngine/4.7/DerivedDataCache/Boot.ddc
[2016.02.28-00.29.35:099][  0]LogDerivedDataCache: FDerivedDataBackendGraph:  Pak pak cache file J:/My Documents/Unreal Projects/Cloud10_ver0.3_DiveFix/DerivedDataCache/DDC.ddp not found, will not use a pak cache.
[2016.02.28-00.29.35:099][  0]LogDerivedDataCache: Unable to find inner node Pak for hierarchical cache Hierarchy.
[2016.02.28-00.29.35:218][  0]LogDerivedDataCache:Display: Pak cache opened for reading ../../../Engine/DerivedDataCache/Compressed.ddp.
[2016.02.28-00.29.35:229][  0]LogDerivedDataCache: Using Local data cache path C:/Users/tstatond/AppData/Local/UnrealEngine/Common/DerivedDataCache: Writable
[2016.02.28-00.29.36:945][  0]LogMeshUtilities: No automatic mesh reduction module available
[2016.02.28-00.29.36:945][  0]LogMeshUtilities: No automatic mesh merging module available
[2016.02.28-00.29.37:289][  0]LogInit: WinSock: version 1.1 (2.2), MaxSocks=32767, MaxUdp=65467
[2016.02.28-00.29.37:365][  0]LogSlate:Warning: Failed to load font data from '../../../Engine/Content/Slate/Fonts/Roboto-Italic.ttf'
[2016.02.28-00.29.39:040][  0]UdpMessaging: Initializing bridge on interface 0.0.0.0:0 to multicast group 230.0.0.1:6666.
[2016.02.28-00.29.39:174][  0]LogLinker:Warning: Asset '../../../Engine/Content/EngineMeshes/Humanoid.uasset' has been saved with empty engine version. The asset will be loaded but may be incompatible.
[2016.02.28-00.29.39:933][  0]LogBlueprint:Error: [compiler] Error This blueprint (self) is not a CharacterMovementComponent, therefore ' Target ' must have a connection.
[2016.02.28-00.29.39:937][  0]LogBlueprint:Error: [compiler] Error Variable node  Set MaxWalkSpeed  uses an invalid target.  It may depend on a node that is not connected to the execution chain, and got purged.
[2016.02.28-00.29.39:955][  0]LogBlueprint:Warning: [compiler] Warning [0011.13] Compile of MyCharacter failed. 2 Fatal Issue(s) 0 Warning(s) [in 59 ms]
[2016.02.28-00.29.39:955][  0]LogBlueprint:Warning: [compiler] Warning [0011.13] Compile of MyCharacter failed. 2 Fatal Issue(s) 1 Warning(s) [in 0 ms]
[2016.02.28-00.29.39:956][  0]LogBlueprint:Warning: [compiler] Warning [0011.13] Compile of MyCharacter failed. 2 Fatal Issue(s) 2 Warning(s) [in 0 ms]
[2016.02.28-00.29.39:956][  0]LogBlueprint:Warning: [compiler] Warning [0011.13] Compile of MyCharacter failed. 2 Fatal Issue(s) 3 Warning(s) [in 0 ms]
[2016.02.28-00.29.40:273][  0]LogBlueprint:Warning: [third_char_2] CreatePinForVariable: 'Camera2' variable not found. Base class was probably changed.
[2016.02.28-00.29.40:276][  0]LogBlueprint:Warning: [third_char_2] CreatePinForVariable: 'Camera1' variable not found. Base class was probably changed.
[2016.02.28-00.29.40:289][  0]LogBlueprint:Warning: [compiler] Warning Could not find a variable named "Camera2" in 'third_char_2_C'.
Make sure 'third_char_2_C' has been compiled for  Get Camera2 
[2016.02.28-00.29.40:290][  0]LogBlueprint:Warning: [compiler] Warning Could not find a variable named "Camera1" in 'third_char_2_C'.
Make sure 'third_char_2_C' has been compiled for  Get Camera1 
[2016.02.28-00.29.40:295][  0]LogBlueprint:Warning: [compiler] Warning [0011.47] Compile of third_char_2 successful, but with 2 Warning(s) [in 16 ms]
[2016.02.28-00.29.40:295][  0]LogBlueprint:Warning: [compiler] Warning [0011.47] Compile of third_char_2 successful, but with 3 Warning(s) [in 0 ms]
[2016.02.28-00.29.40:295][  0]LogBlueprint:Warning: [compiler] Warning [0011.47] Compile of third_char_2 successful, but with 4 Warning(s) [in 0 ms]
[2016.02.28-00.29.40:295][  0]LogBlueprint:Warning: [compiler] Warning [0011.47] Compile of third_char_2 successful, but with 5 Warning(s) [in 0 ms]
[2016.02.28-00.29.40:307][  0]LogBlueprint:Warning: [compiler] Warning Could not find a variable named "Camera2" in 'third_char_2_C'.
Make sure 'third_char_2_C' has been compiled for  Get Camera2 
[2016.02.28-00.29.40:307][  0]LogBlueprint:Warning: [compiler] Warning Could not find a variable named "Camera1" in 'third_char_2_C'.
Make sure 'third_char_2_C' has been compiled for  Get Camera1 
[2016.02.28-00.29.40:312][  0]LogBlueprint:Warning: [compiler] Warning [0011.48] Compile of third_char_2 successful, but with 2 Warning(s) [in 15 ms]
[2016.02.28-00.29.40:312][  0]LogBlueprint:Warning: [compiler] Warning [0011.48] Compile of third_char_2 successful, but with 3 Warning(s) [in 0 ms]
[2016.02.28-00.29.40:638][  0]SourceControl: Info Source control is disabled
[2016.02.28-00.29.40:638][  0]SourceControl: Info Source control is disabled
[2016.02.28-00.29.40:639][  0]SourceControl: Info Source control is disabled
[2016.02.28-00.29.40:639][  0]LogSourceControl: RunCommandInternalRaw: 'git version'
[2016.02.28-00.29.40:639][  0]LogSourceControl: RunCommandInternalRaw: ExecProcess ReturnCode=2 OutResults=''
[2016.02.28-00.29.40:647][  0]SourceControl: Info Source control is disabled
[2016.02.28-00.29.41:291][  0]LogObj: 58230 objects as part of root set at end of initial load.
[2016.02.28-00.29.41:291][  0]LogUObjectAllocator: 16730136 out of 0 bytes used by permanent object pool.
[2016.02.28-00.29.41:403][  0]LogEngine: Initializing Engine...
[2016.02.28-00.29.44:591][  0]LogInit: XAudio2 using 'Speakers (High Definition Audio Device)' : 2 channels at 48 kHz using 16 bits per sample (channel mask 0x3)
[2016.02.28-00.29.44:596][  0]LogInit: FAudioDevice initialized.
[2016.02.28-00.29.44:631][  0]LogAIModule: Creating AISystem for world NewWorld
[2016.02.28-00.29.44:650][  0]LogDerivedDataCache: Saved boot cache 0.02s 41MB C:/Users/tstatond/AppData/Local/UnrealEngine/4.7/DerivedDataCache/Boot.ddc.
[2016.02.28-00.29.44:653][  0]LogInit: Texture streaming: Enabled
[2016.02.28-00.29.44:741][  0]LogAnalytics: Creating configured Analytics provider AnalyticsET
[2016.02.28-00.29.44:741][  0]LogAnalytics: ET APIKey = Rocket.Release. APIServer = http://et2.epicgames.com/ET2/. AppVersion = 4.7.6-2513093+++depot+UE4-Releases+4.7
[2016.02.28-00.29.44:741][  0]LogAnalytics: ET APIKey = Rocket.Release. DataRouterUploadURL = https://datarouter-public-service-gamedev.ol.epicgames.net/datarouter/api/v1/public/data. AppVersion = 4.7.6-2513093+++depot+UE4-Releases+4.7
[2016.02.28-00.29.44:741][  0]LogAnalytics: SetUserId d48f349e453f884d166d5a8706fd8904|2c153bfc131440298c9ce76e266b750a|ab14c062-2a1d-4bb2-85a7-20488fa77ece
[2016.02.28-00.29.44:741][  0]LogAnalytics: AnalyticsET::StartSession [Rocket.Release]
[2016.02.28-00.29.44:768][  0]LogInit: Transaction tracking system initialized
[2016.02.28-00.29.44:968][  0]BlueprintLog: New page: Editor Load
[2016.02.28-00.29.45:000][  0]LogAssetRegistry: FAssetRegistry took 0.0099 seconds to start up
[2016.02.28-00.29.45:000][  0]LogDirectoryWatcher:Warning: Failed to begin reading directory changes for ../../../Engine/Plugins/Experimental/CharacterAI/Content/. Error: 0
[2016.02.28-00.29.46:085][  0]LogTargetPlatformManager:Display: Building Assets For Windows
[2016.02.28-00.29.46:600][  0]LogTargetPlatformManager:Display: Building Assets For Windows
[2016.02.28-00.29.46:973][  0]LogSlate:Warning: Failed to load font data from '../../../Engine/Content/Editor/Slate/Fonts/Roboto-Regular.ttf'
[2016.02.28-00.29.46:974][  0]LogSlate:Warning: Failed to load font data from '../../../Engine/Content/Editor/Slate/Fonts/Roboto-Bold.ttf'
[2016.02.28-00.29.46:981][  0]LogConsoleResponse:Display: 
[2016.02.28-00.29.47:201][  0]LogCook:Display: Done creating registry. It took  0.00s.
[2016.02.28-00.29.47:344][  0]SourceControl: Info Source control is disabled
[2016.02.28-00.30.08:971][  0]LoadErrors: New page: Loading package: /Game/ThirdPerson/Character/ThirdPersonAnimBlueprint
[2016.02.28-00.30.09:027][  0]Cmd: MAP LOAD FILE="J:/My Documents/Unreal Projects/Cloud10_ver0.3_DiveFix/Content/ThirdPerson/Maps/ThirdPersonExampleMap.umap" TEMPLATE=0 SHOWPROGRESS=1 FEATURELEVEL=3
[2016.02.28-00.30.09:031][  0]LightingResults: New page: Lighting Build
[2016.02.28-00.30.09:046][  0]MapCheck: New page: Map Check
[2016.02.28-00.30.09:046][  0]LightingResults: New page: Lighting Build
[2016.02.28-00.30.09:064][  0]LogParticles: Destroying 0 GPU particle simulations for FXSystem 0x000000001718F060
[2016.02.28-00.30.10:031][  0]LogEditorServer: Finished looking for orphan Actors (0.000 secs)
[2016.02.28-00.30.10:926][  0]LogAIModule: Creating AISystem for world ThirdPersonExampleMap
[2016.02.28-00.30.10:931][  0]Cmd: MAP CHECKDEP
[2016.02.28-00.30.10:932][  0]MapCheck: New page: ThirdPersonExampleMap - Feb 27, 2016, 2:30:10 PM
[2016.02.28-00.30.11:081][  0]MapCheck: Info Map check complete: 0 Error(s), 0 Warning(s), took 149.597ms to complete.
[2016.02.28-00.30.11:081][  0]LogFileHelpers: Loading map 'ThirdPersonExampleMap' took 2.054
[2016.02.28-00.30.11:247][  0]LogStats:Warning: MetaData mismatch. Did you assign a stat to two groups? New //STATGROUP_Threads//SplashScreenThread///Thread_35bc_0///////STATCAT_Advanced//// old //STATGROUP_Threads//SplashScreenThread///Thread_39f8_0///////STATCAT_Advanced////
[2016.02.28-00.30.11:247][  0]LogCollectionManager: Loaded 0 collections in 0.001593 seconds
[2016.02.28-00.30.11:262][  0]LogContentBrowser: Native class hierarchy populated in 0.0152 seconds. Added 1700 classes and 263 folders.
[2016.02.28-00.30.11:313][  0]LogContentBrowser: Native class hierarchy updated for 'SceneOutliner' in 0.0050 seconds. Added 1 classes and 2 folders.
[2016.02.28-00.30.11:365][  0]LogCrashTracker: Crashtracker disabled due to settings.
[2016.02.28-00.30.11:366][  0]LogSlate:Warning: Failed to load font data from 'Veranda'
[2016.02.28-00.30.11:372][  0]LogUObjectGlobals:Warning: Failed to find object 'Class None.'
[2016.02.28-00.30.11:396][  0]LogLoad: Full Startup: 42.56 seconds (BP compile: 0.43 seconds)
[2016.02.28-00.30.11:601][  0]LogContentBrowser:Verbose: The content browser source was changed by the sources view to '/Game/ThirdPerson'
[2016.02.28-00.30.11:860][  0]LogRenderer:Warning: Reallocating scene render targets to support 1616x808 (Frame:2).
[2016.02.28-00.30.14:350][  7]LogAssetRegistry: Asset discovery search completed in 29.3585 seconds
[2016.02.28-00.30.22:732][168]LogActorComponent: RegisterComponentWithWorld: (/Engine/Transient.DebugSkelMeshComponent_0) Already registered. Aborting.
[2016.02.28-00.30.23:060][168]LogLinker:Warning: Asset '../../../Engine/Content/Tutorial/SubEditors/PersonaAnimEditorTutorial.uasset' has been saved with empty engine version. The asset will be loaded but may be incompatible.
[2016.02.28-00.30.23:137][168]LogContentBrowser:Verbose: The majority of assets in the view are of type: AnimSequence
[2016.02.28-00.30.40:933][922]LogRenderer:Warning: Reallocating scene render targets to support 1616x1256 (Frame:943).
[2016.02.28-00.34.43:252][ 58]BlueprintLog: New page: Compile MyCharacter
[2016.02.28-00.34.45:164][ 58]LogParticles: Destroying 0 GPU particle simulations for FXSystem 0x000000004EDD6840
[2016.02.28-00.34.45:211][ 58]BlueprintEditorCompileResults: Info [0316.38] Compile of MyCharacter successful! [in 1,959 ms]
[2016.02.28-00.34.56:212][109]Cmd: OBJ SAVEPACKAGE PACKAGE="/Game/ThirdPerson/Blueprints/MyCharacter" FILE="J:/My Documents/Unreal Projects/Cloud10_ver0.3_DiveFix/Content/ThirdPerson/Blueprints/MyCharacter.uasset" SILENT=true
[2016.02.28-00.35.09:799][109]LogSavePackage: Save=13489.670898ms
[2016.02.28-00.35.09:799][109]LogSavePackage: Moving 'J:/My Documents/Unreal Projects/Cloud10_ver0.3_DiveFix/Saved/MyCharacterB2052226400E918A147C8E87B5186C85.tmp' to 'J:/My Documents/Unreal Projects/Cloud10_ver0.3_DiveFix/Content/ThirdPerson/Blueprints/MyCharacter.uasset'
[2016.02.28-00.35.32:763][509]LogActorComponent: UnregisterComponent: (/Engine/Transient.CharMoveComp) Not registered. Aborting.
[2016.02.28-00.35.32:764][509]LogActorComponent: UnregisterComponent: (/Engine/Transient.RotatingMovementComponent_0) Not registered. Aborting.
[2016.02.28-00.35.36:909][570]BlueprintLog: New page: Compile MyCharacter
[2016.02.28-00.35.38:826][570]BlueprintEditorCompileResults: Info [0369.99] Compile of MyCharacter successful! [in 1,917 ms]
[2016.02.28-00.40.34:725][200]LogSavePackage: Save=6732.158691ms
[2016.02.28-00.40.34:725][200]LogSavePackage: Moving 'J:/My Documents/Unreal Projects/Cloud10_ver0.3_DiveFix/Saved/ThirdPersonExampleMap_Auto1C11698E9493ECCEF208921A5155DF03F.tmp' to 'J:/My Documents/Unreal Projects/Cloud10_ver0.3_DiveFix/Saved/Autosaves/Game/ThirdPerson/Maps/ThirdPersonExampleMap_Auto1.umap'
[2016.02.28-00.40.34:748][200]LogFileHelpers: Editor autosave (incl. sublevels) for '/Game/ThirdPerson/Maps/ThirdPersonExampleMap' took 7.621
[2016.02.28-00.40.34:748][200]LogFileHelpers: Editor autosave (incl. sublevels) for all levels took 7.621
[2016.02.28-00.40.34:798][200]OBJ SavePackage: Generating thumbnails for [1] asset(s) in package [/Game/ThirdPerson/Blueprints/MyCharacter] ([1] browsable assets)...
[2016.02.28-00.40.34:823][200]OBJ SavePackage:     Rendered thumbnail for [Blueprint /Game/ThirdPerson/Blueprints/MyCharacter.MyCharacter]
[2016.02.28-00.40.34:823][200]OBJ SavePackage: Finished generating thumbnails for package [/Game/ThirdPerson/Blueprints/MyCharacter]
[2016.02.28-00.40.46:113][200]LogSavePackage: Save=11187.065430ms
[2016.02.28-00.40.46:114][200]LogSavePackage: Moving 'J:/My Documents/Unreal Projects/Cloud10_ver0.3_DiveFix/Saved/MyCharacter_Auto1B53F63B14BCEBCA23BB97998256DE500.tmp' to 'J:/My Documents/Unreal Projects/Cloud10_ver0.3_DiveFix/Saved/Autosaves/Game/ThirdPerson/Blueprints/MyCharacter_Auto1.uasset'
[2016.02.28-00.40.46:158][200]LogFileHelpers: Auto-saving content packages took 11.410
[2016.02.28-00.42.34:368][891]LogUObjectGlobals:Warning: Failed to find object 'Object None.'
[2016.02.28-00.43.20:058][ 55]LogActorComponent: UnregisterComponent: (/Engine/Transient.CharMoveComp) Not registered. Aborting.
[2016.02.28-00.43.20:059][ 55]LogActorComponent: UnregisterComponent: (/Engine/Transient.RotatingMovementComponent_0) Not registered. Aborting.
[2016.02.28-00.43.48:952][674]BlueprintLog: New page: Compile MyCharacter
[2016.02.28-00.43.50:930][674]BlueprintEditorCompileResults: Info [0862.11] Compile of MyCharacter successful! [in 1,977 ms]
[2016.02.28-00.43.59:654][777]BlueprintLog: New page: Pre-PIE auto-recompile
[2016.02.28-00.43.59:726][777]LogPlayLevel: [PIE] Compiling MyCharacter before PIE...
[2016.02.28-00.44.01:621][777]LogPlayLevel: [PIE] Compiling CameraMain_Blueprint before PIE...
[2016.02.28-00.44.02:233][777]LogPlayLevel: [PIE] Compiling ThirdPersonAnimBlueprint before PIE...
[2016.02.28-00.44.03:104][777]LogPlayLevel: [PIE] Compiling bJumpCamera before PIE...
[2016.02.28-00.44.03:206][777]LogPlayLevel: [PIE] Compiling DashCamera before PIE...
[2016.02.28-00.44.03:313][777]LogPlayLevel: [PIE] Compiling DiveCamera before PIE...
[2016.02.28-00.44.03:500][777]LogPlayLevel: PIE:  Blueprint regeneration took 3845 ms (6 blueprints)
[2016.02.28-00.44.04:949][777]BlueprintLog: Info Blueprint CameraMain_Blueprint failed to compile
[2016.02.28-00.44.04:949][777]PIE: New page: PIE session: ThirdPersonExampleMap (Feb 27, 2016, 2:44:04 PM)
[2016.02.28-00.44.04:964][777]LogPlayLevel: PIE: StaticDuplicateObject took: (0.013553s)
[2016.02.28-00.44.04:966][777]LogPlayLevel: PIE: World Init took: (0.000823s)
[2016.02.28-00.44.04:967][777]LogPlayLevel: PIE: Created PIE world by copying editor world from /Game/ThirdPerson/Maps/ThirdPersonExampleMap.ThirdPersonExampleMap to /Game/ThirdPerson/Maps/UEDPIE_0_ThirdPersonExampleMap.ThirdPersonExampleMap (0.016466s)
[2016.02.28-00.44.05:111][777]LogLinker:Warning: Can't find file '/Game/PlatformerGame/Content/Slate/Fonts/Roboto-Light'
[2016.02.28-00.44.05:114][777]LogLinker:Warning: Can't find file for asset '/Game/PlatformerGame/Content/Slate/Fonts/Roboto-Light' while loading J:/My Documents/Unreal Projects/Cloud10_ver0.3_DiveFix/Content/ThirdPerson/Blueprints/MainHud.uasset.
[2016.02.28-00.44.05:115][777]LoadErrors:Error: Error /Game/ThirdPerson/Blueprints/MainHud : Can't find file for asset. /Game/PlatformerGame/Content/Slate/Fonts/Roboto-Light
[2016.02.28-00.44.05:116][777]LogLinker:Warning: Can't find file '/Game/PlatformerGame/Content/Slate/Fonts/Roboto-Light'
[2016.02.28-00.44.05:116][777]LogLinker:Warning: Can't find file for asset '/Game/PlatformerGame/Content/Slate/Fonts/Roboto-Light' while loading J:/My Documents/Unreal Projects/Cloud10_ver0.3_DiveFix/Content/ThirdPerson/Blueprints/MainHud.uasset.
[2016.02.28-00.44.05:118][777]LogLinker:Warning: Can't find file '/Game/PlatformerGame/Content/Slate/Fonts/Roboto-Light'
[2016.02.28-00.44.05:118][777]LogLinker:Warning: Can't find file for asset '/Game/PlatformerGame/Content/Slate/Fonts/Roboto-Light' while loading J:/My Documents/Unreal Projects/Cloud10_ver0.3_DiveFix/Content/ThirdPerson/Blueprints/MainGame.uasset.
[2016.02.28-00.44.05:118][777]LoadErrors:Error: Error /Game/ThirdPerson/Blueprints/MainGame : Can't find file for asset. /Game/PlatformerGame/Content/Slate/Fonts/Roboto-Light
[2016.02.28-00.44.05:118][777]LogLinker:Warning: Can't find file '/Game/PlatformerGame/Content/Slate/Fonts/Roboto-Light'
[2016.02.28-00.44.05:118][777]LogLinker:Warning: Can't find file for asset '/Game/PlatformerGame/Content/Slate/Fonts/Roboto-Light' while loading J:/My Documents/Unreal Projects/Cloud10_ver0.3_DiveFix/Content/ThirdPerson/Blueprints/MainGame.uasset.
[2016.02.28-00.44.05:122][777]LogLinker:Warning: Can't find file '/Game/PlatformerGame/Content/Slate/Fonts/Roboto-Light'
[2016.02.28-00.44.05:122][777]LoadErrors: Info Failed to load /Game/PlatformerGame/Content/Slate/Fonts/Roboto-Light.Roboto-Light Referenced by EdGraphPin_38781
[2016.02.28-00.44.05:122][777]LogLinker:Warning: Can't find file for asset '/Game/PlatformerGame/Content/Slate/Fonts/Roboto-Light' while loading J:/My Documents/Unreal Projects/Cloud10_ver0.3_DiveFix/Content/ThirdPerson/Blueprints/MainGame.uasset.
[2016.02.28-00.44.05:297][777]LogWorld: Game class is 'MainGame_C'
[2016.02.28-00.44.05:299][777]LogAIModule: Creating AISystem for world ThirdPersonExampleMap
[2016.02.28-00.44.05:308][777]LogWorld: Bringing World /Game/ThirdPerson/Maps/UEDPIE_0_ThirdPersonExampleMap.ThirdPersonExampleMap up for play (max tick rate 0) at 2016.02.27-19.44.05
[2016.02.28-00.44.05:309][777]LogWorld: Bringing up level for play took: 0.009965
[2016.02.28-00.44.05:310][777]LogGameMode: Warning - PATHS NOT DEFINED or NO PLAYERSTART with positive rating
[2016.02.28-00.44.05:402][777]PIE: Info Play in editor start time for /Game/ThirdPerson/Maps/UEDPIE_0_ThirdPersonExampleMap 5.928
[2016.02.28-00.44.18:232][354]LogParticles: Destroying 0 GPU particle simulations for FXSystem 0x000000008D8DF380
[2016.02.28-00.44.41:626][712]BlueprintLog: New page: Pre-PIE auto-recompile
[2016.02.28-00.44.41:706][712]LogPlayLevel: [PIE] Compiling MyCharacter before PIE...
[2016.02.28-00.44.43:601][712]LogPlayLevel: [PIE] Compiling CameraMain_Blueprint before PIE...
[2016.02.28-00.44.44:238][712]LogPlayLevel: [PIE] Compiling ThirdPersonAnimBlueprint before PIE...
[2016.02.28-00.44.45:215][712]LogPlayLevel: [PIE] Compiling bJumpCamera before PIE...
[2016.02.28-00.44.45:318][712]LogPlayLevel: [PIE] Compiling DashCamera before PIE...
[2016.02.28-00.44.45:437][712]LogPlayLevel: [PIE] Compiling DiveCamera before PIE...
[2016.02.28-00.44.45:624][712]LogPlayLevel: PIE:  Blueprint regeneration took 3997 ms (6 blueprints)
[2016.02.28-00.44.46:940][712]BlueprintLog: Info Blueprint CameraMain_Blueprint failed to compile
[2016.02.28-00.45.09:393][ 50]BlueprintLog: New page: Pre-PIE auto-recompile
[2016.02.28-00.45.09:467][ 50]LogPlayLevel: [PIE] Compiling MyCharacter before PIE...
[2016.02.28-00.45.11:352][ 50]LogPlayLevel: [PIE] Compiling CameraMain_Blueprint before PIE...
[2016.02.28-00.45.12:018][ 50]LogPlayLevel: [PIE] Compiling ThirdPersonAnimBlueprint before PIE...
[2016.02.28-00.45.12:931][ 50]LogPlayLevel: [PIE] Compiling bJumpCamera before PIE...
[2016.02.28-00.45.13:032][ 50]LogPlayLevel: [PIE] Compiling DashCamera before PIE...
[2016.02.28-00.45.13:139][ 50]LogPlayLevel: [PIE] Compiling DiveCamera before PIE...
[2016.02.28-00.45.13:331][ 50]LogPlayLevel: PIE:  Blueprint regeneration took 3938 ms (6 blueprints)
[2016.02.28-00.45.14:860][ 50]BlueprintLog: Info Blueprint CameraMain_Blueprint failed to compile
[2016.02.28-00.45.14:860][ 50]PIE: New page: PIE session: ThirdPersonExampleMap (Feb 27, 2016, 2:45:14 PM)
[2016.02.28-00.45.14:884][ 50]LogPlayLevel: PIE: StaticDuplicateObject took: (0.015309s)
[2016.02.28-00.45.14:885][ 50]LogPlayLevel: PIE: World Init took: (0.000407s)
[2016.02.28-00.45.14:885][ 50]LogPlayLevel: PIE: Created PIE world by copying editor world from /Game/ThirdPerson/Maps/ThirdPersonExampleMap.ThirdPersonExampleMap to /Game/ThirdPerson/Maps/UEDPIE_0_ThirdPersonExampleMap.ThirdPersonExampleMap (0.015895s)
[2016.02.28-00.45.14:988][ 50]LogWorld: Game class is 'MainGame_C'
[2016.02.28-00.45.14:990][ 50]LogAIModule: Creating AISystem for world ThirdPersonExampleMap
[2016.02.28-00.45.15:000][ 50]LogWorld: Bringing World /Game/ThirdPerson/Maps/UEDPIE_0_ThirdPersonExampleMap.ThirdPersonExampleMap up for play (max tick rate 0) at 2016.02.27-19.45.15
[2016.02.28-00.45.15:001][ 50]LogWorld: Bringing up level for play took: 0.010550
[2016.02.28-00.45.15:001][ 50]LogGameMode: Warning - PATHS NOT DEFINED or NO PLAYERSTART with positive rating
[2016.02.28-00.45.15:104][ 50]PIE: Info Play in editor start time for /Game/ThirdPerson/Maps/UEDPIE_0_ThirdPersonExampleMap 5.632
[2016.02.28-00.45.15:104][ 50]LogBlueprintDebug:Warning: Hit breakpoint on node 'K2Node_IfThenElse', from offset 1244
[2016.02.28-00.45.15:104][ 50]LogBlueprintDebug: 
Script call stack:
	Function /Game/ThirdPerson/Blueprints/MyCharacter.MyCharacter_C:InpAxisEvt_MoveForward_K2Node_InputAxisEvent_140
	Function /Game/ThirdPerson/Blueprints/MyCharacter.MyCharacter_C:ExecuteUbergraph_MyCharacter

[2016.02.28-00.45.15:181][ 50]LogScriptCore:Warning: Cannot call UnrealScript (MainHud_C /Game/ThirdPerson/Maps/UEDPIE_0_ThirdPersonExampleMap.ThirdPersonExampleMap:PersistentLevel.MainHud_C_1 - Function /Game/ThirdPerson/Blueprints/MainHud.MainHud_C:ReceiveDrawHUD) while stopped at a breakpoint.
[2016.02.28-00.45.39:360][380]LogBlueprintDebug:Warning: Hit breakpoint on node 'K2Node_VariableSet', from offset 15
[2016.02.28-00.45.39:360][380]LogBlueprintDebug: 
Script call stack:
	Function /Game/ThirdPerson/Blueprints/MyCharacter.MyCharacter_C:ReceiveTick
	Function /Game/ThirdPerson/Blueprints/MyCharacter.MyCharacter_C:ExecuteUbergraph_MyCharacter

[2016.02.28-00.45.43:357][381]LogParticles: Destroying 0 GPU particle simulations for FXSystem 0x000000008D1CB2E0
[2016.02.28-00.46.21:140][156]BlueprintLog: New page: Pre-PIE auto-recompile
[2016.02.28-00.46.21:175][156]LogPlayLevel: [PIE] Compiling MyCharacter before PIE...
[2016.02.28-00.46.23:152][156]LogPlayLevel: [PIE] Compiling CameraMain_Blueprint before PIE...
[2016.02.28-00.46.23:790][156]LogPlayLevel: [PIE] Compiling ThirdPersonAnimBlueprint before PIE...
[2016.02.28-00.46.24:782][156]LogPlayLevel: [PIE] Compiling bJumpCamera before PIE...
[2016.02.28-00.46.24:883][156]LogPlayLevel: [PIE] Compiling DashCamera before PIE...
[2016.02.28-00.46.24:984][156]LogPlayLevel: [PIE] Compiling DiveCamera before PIE...
[2016.02.28-00.46.25:175][156]LogPlayLevel: PIE:  Blueprint regeneration took 4035 ms (6 blueprints)
[2016.02.28-00.46.31:222][156]BlueprintLog: Info Blueprint CameraMain_Blueprint failed to compile
[2016.02.28-00.46.31:222][156]PIE: New page: PIE session: ThirdPersonExampleMap (Feb 27, 2016, 2:46:31 PM)
[2016.02.28-00.46.31:262][156]LogPlayLevel: PIE: StaticDuplicateObject took: (0.018302s)
[2016.02.28-00.46.31:263][156]LogPlayLevel: PIE: World Init took: (0.001194s)
[2016.02.28-00.46.31:263][156]LogPlayLevel: PIE: Created PIE world by copying editor world from /Game/ThirdPerson/Maps/ThirdPersonExampleMap.ThirdPersonExampleMap to /Game/ThirdPerson/Maps/UEDPIE_0_ThirdPersonExampleMap.ThirdPersonExampleMap (0.019868s)
[2016.02.28-00.46.31:339][156]LogWorld: Game class is 'MainGame_C'
[2016.02.28-00.46.31:341][156]LogAIModule: Creating AISystem for world ThirdPersonExampleMap
[2016.02.28-00.46.31:351][156]LogWorld: Bringing World /Game/ThirdPerson/Maps/UEDPIE_0_ThirdPersonExampleMap.ThirdPersonExampleMap up for play (max tick rate 0) at 2016.02.27-19.46.31
[2016.02.28-00.46.31:352][156]LogWorld: Bringing up level for play took: 0.010678
[2016.02.28-00.46.31:353][156]LogGameMode: Warning - PATHS NOT DEFINED or NO PLAYERSTART with positive rating
[2016.02.28-00.46.31:365][156]PIE: Info Play in editor start time for /Game/ThirdPerson/Maps/UEDPIE_0_ThirdPersonExampleMap 9.896
[2016.02.28-00.46.35:608][337]LogParticles: Destroying 0 GPU particle simulations for FXSystem 0x0000000050C456C0
[2016.02.28-00.46.46:786][890]BlueprintLog: New page: Pre-PIE auto-recompile
[2016.02.28-00.46.46:868][890]LogPlayLevel: [PIE] Compiling MyCharacter before PIE...
[2016.02.28-00.46.48:756][890]LogPlayLevel: [PIE] Compiling CameraMain_Blueprint before PIE...
[2016.02.28-00.46.49:466][890]LogPlayLevel: [PIE] Compiling ThirdPersonAnimBlueprint before PIE...
[2016.02.28-00.46.50:394][890]LogPlayLevel: [PIE] Compiling bJumpCamera before PIE...
[2016.02.28-00.46.50:513][890]LogPlayLevel: [PIE] Compiling DashCamera before PIE...
[2016.02.28-00.46.50:618][890]LogPlayLevel: [PIE] Compiling DiveCamera before PIE...
[2016.02.28-00.46.50:815][890]LogPlayLevel: PIE:  Blueprint regeneration took 4028 ms (6 blueprints)
[2016.02.28-00.46.52:193][890]BlueprintLog: Info Blueprint CameraMain_Blueprint failed to compile
[2016.02.28-00.46.52:193][890]PIE: New page: PIE session: ThirdPersonExampleMap (Feb 27, 2016, 2:46:52 PM)
[2016.02.28-00.46.52:206][890]LogPlayLevel: PIE: StaticDuplicateObject took: (0.011952s)
[2016.02.28-00.46.52:207][890]LogPlayLevel: PIE: World Init took: (0.000852s)
[2016.02.28-00.46.52:207][890]LogPlayLevel: PIE: Created PIE world by copying editor world from /Game/ThirdPerson/Maps/ThirdPersonExampleMap.ThirdPersonExampleMap to /Game/ThirdPerson/Maps/UEDPIE_0_ThirdPersonExampleMap.ThirdPersonExampleMap (0.013060s)
[2016.02.28-00.46.52:314][890]LogWorld: Game class is 'MainGame_C'
[2016.02.28-00.46.52:316][890]LogAIModule: Creating AISystem for world ThirdPersonExampleMap
[2016.02.28-00.46.52:325][890]LogWorld: Bringing World /Game/ThirdPerson/Maps/UEDPIE_0_ThirdPersonExampleMap.ThirdPersonExampleMap up for play (max tick rate 0) at 2016.02.27-19.46.52
[2016.02.28-00.46.52:326][890]LogWorld: Bringing up level for play took: 0.009822
[2016.02.28-00.46.52:326][890]LogGameMode: Warning - PATHS NOT DEFINED or NO PLAYERSTART with positive rating
[2016.02.28-00.46.52:424][890]PIE: Info Play in editor start time for /Game/ThirdPerson/Maps/UEDPIE_0_ThirdPersonExampleMap 4.956
[2016.02.28-00.46.52:562][894]LogBlueprintDebug:Warning: Hit breakpoint on node 'K2Node_VariableSet', from offset 1709
[2016.02.28-00.46.52:562][894]LogBlueprintDebug: 
Script call stack:
	Function /Game/ThirdPerson/Blueprints/MyCharacter.MyCharacter_C:InpAxisEvt_MoveRight_K2Node_InputAxisEvent_141
	Function /Game/ThirdPerson/Blueprints/MyCharacter.MyCharacter_C:ExecuteUbergraph_MyCharacter

[2016.02.28-00.46.58:470][947]LogParticles: Destroying 0 GPU particle simulations for FXSystem 0x000000008D01CD60
[2016.02.28-00.47.54:965][874]LogUObjectGlobals:Warning: Failed to find object 'Object None.'
[2016.02.28-00.47.54:969][874]LogUObjectGlobals:Warning: Failed to find object 'Object None.'
[2016.02.28-00.47.54:971][874]LogUObjectGlobals:Warning: Failed to find object 'Object None.'
[2016.02.28-00.47.54:973][874]LogUObjectGlobals:Warning: Failed to find object 'Object None.'
[2016.02.28-00.47.54:975][874]LogUObjectGlobals:Warning: Failed to find object 'Object None.'
[2016.02.28-00.47.54:996][874]LogProperty:Warning: ObjectProperty /Script/Engine.EdGraphPin:LinkedTo.LinkedTo: unresolved reference to 'EdGraphPin'K2Node_CommutativeAssociativeBinaryOperator_3271.EdGraphPin_7506''
[2016.02.28-00.47.55:025][874]LogProperty:Warning: ObjectProperty /Script/Engine.EdGraphPin:LinkedTo.LinkedTo: unresolved reference to 'EdGraphPin'K2Node_VariableGet_10448.EdGraphPin_7532''
[2016.02.28-00.47.55:027][874]LogProperty:Warning: ObjectProperty /Script/Engine.EdGraphPin:LinkedTo.LinkedTo: unresolved reference to 'EdGraphPin'K2Node_VariableSet_5492.EdGraphPin_7519''
[2016.02.28-00.47.55:066][874]LogProperty:Warning: ObjectProperty /Script/Engine.EdGraphPin:LinkedTo.LinkedTo: unresolved reference to 'EdGraphPin'K2Node_VariableGet_756.EdGraphPin_24462''
[2016.02.28-00.52.59:445][294]BlueprintLog: New page: Compile MyCharacter
[2016.02.28-00.53.01:368][294]BlueprintEditorCompileResults: Info [1412.56] Compile of MyCharacter successful! [in 1,923 ms]
[2016.02.28-00.55.23:102][377]BlueprintLog: New page: Pre-PIE auto-recompile
[2016.02.28-00.55.23:175][377]LogPlayLevel: [PIE] Compiling MyCharacter before PIE...
[2016.02.28-00.55.25:025][377]LogPlayLevel: [PIE] Compiling CameraMain_Blueprint before PIE...
[2016.02.28-00.55.25:709][377]LogPlayLevel: [PIE] Compiling ThirdPersonAnimBlueprint before PIE...
[2016.02.28-00.55.26:592][377]LogPlayLevel: [PIE] Compiling bJumpCamera before PIE...
[2016.02.28-00.55.26:694][377]LogPlayLevel: [PIE] Compiling DashCamera before PIE...
[2016.02.28-00.55.26:798][377]LogPlayLevel: [PIE] Compiling DiveCamera before PIE...
[2016.02.28-00.55.26:986][377]LogPlayLevel: PIE:  Blueprint regeneration took 3882 ms (6 blueprints)
[2016.02.28-00.55.30:206][377]BlueprintLog: Info Blueprint CameraMain_Blueprint failed to compile
[2016.02.28-00.55.30:206][377]PIE: New page: PIE session: ThirdPersonExampleMap (Feb 27, 2016, 2:55:30 PM)
[2016.02.28-00.55.30:222][377]LogPlayLevel: PIE: StaticDuplicateObject took: (0.015140s)
[2016.02.28-00.55.30:223][377]LogPlayLevel: PIE: World Init took: (0.000891s)
[2016.02.28-00.55.30:223][377]LogPlayLevel: PIE: Created PIE world by copying editor world from /Game/ThirdPerson/Maps/ThirdPersonExampleMap.ThirdPersonExampleMap to /Game/ThirdPerson/Maps/UEDPIE_0_ThirdPersonExampleMap.ThirdPersonExampleMap (0.016265s)
[2016.02.28-00.55.30:320][377]LogWorld: Game class is 'MainGame_C'
[2016.02.28-00.55.30:322][377]LogAIModule: Creating AISystem for world ThirdPersonExampleMap
[2016.02.28-00.55.30:331][377]LogWorld: Bringing World /Game/ThirdPerson/Maps/UEDPIE_0_ThirdPersonExampleMap.ThirdPersonExampleMap up for play (max tick rate 0) at 2016.02.27-19.55.30
[2016.02.28-00.55.30:332][377]LogWorld: Bringing up level for play took: 0.009324
[2016.02.28-00.55.30:333][377]LogGameMode: Warning - PATHS NOT DEFINED or NO PLAYERSTART with positive rating
[2016.02.28-00.55.30:426][377]PIE: Info Play in editor start time for /Game/ThirdPerson/Maps/UEDPIE_0_ThirdPersonExampleMap 6.951
[2016.02.28-00.59.07:026][460]LogParticles: Destroying 0 GPU particle simulations for FXSystem 0x000000008C19C900
[2016.02.28-01.00.47:141][562]BlueprintLog: New page: Pre-PIE auto-recompile
[2016.02.28-01.00.47:216][562]LogPlayLevel: [PIE] Compiling MyCharacter before PIE...
[2016.02.28-01.00.49:049][562]LogPlayLevel: [PIE] Compiling CameraMain_Blueprint before PIE...
[2016.02.28-01.00.49:663][562]LogPlayLevel: [PIE] Compiling ThirdPersonAnimBlueprint before PIE...
[2016.02.28-01.00.50:640][562]LogPlayLevel: [PIE] Compiling bJumpCamera before PIE...
[2016.02.28-01.00.50:747][562]LogPlayLevel: [PIE] Compiling DashCamera before PIE...
[2016.02.28-01.00.50:852][562]LogPlayLevel: [PIE] Compiling DiveCamera before PIE...
[2016.02.28-01.00.51:043][562]LogPlayLevel: PIE:  Blueprint regeneration took 3903 ms (6 blueprints)
[2016.02.28-01.00.52:496][562]BlueprintLog: Info Blueprint CameraMain_Blueprint failed to compile
[2016.02.28-01.00.52:496][562]PIE: New page: PIE session: ThirdPersonExampleMap (Feb 27, 2016, 3:00:52 PM)
[2016.02.28-01.00.52:512][562]LogPlayLevel: PIE: StaticDuplicateObject took: (0.015305s)
[2016.02.28-01.00.52:513][562]LogPlayLevel: PIE: World Init took: (0.000829s)
[2016.02.28-01.00.52:513][562]LogPlayLevel: PIE: Created PIE world by copying editor world from /Game/ThirdPerson/Maps/ThirdPersonExampleMap.ThirdPersonExampleMap to /Game/ThirdPerson/Maps/UEDPIE_0_ThirdPersonExampleMap.ThirdPersonExampleMap (0.016348s)
[2016.02.28-01.00.52:611][562]LogWorld: Game class is 'MainGame_C'
[2016.02.28-01.00.52:613][562]LogAIModule: Creating AISystem for world ThirdPersonExampleMap
[2016.02.28-01.00.52:622][562]LogWorld: Bringing World /Game/ThirdPerson/Maps/UEDPIE_0_ThirdPersonExampleMap.ThirdPersonExampleMap up for play (max tick rate 0) at 2016.02.27-20.00.52
[2016.02.28-01.00.52:623][562]LogWorld: Bringing up level for play took: 0.009746
[2016.02.28-01.00.52:623][562]LogGameMode: Warning - PATHS NOT DEFINED or NO PLAYERSTART with positive rating
[2016.02.28-01.00.52:728][562]PIE: Info Play in editor start time for /Game/ThirdPerson/Maps/UEDPIE_0_ThirdPersonExampleMap 5.23
[2016.02.28-01.00.57:473][719]LogParticles: Destroying 0 GPU particle simulations for FXSystem 0x000000008C19E660
[2016.02.28-01.01.03:901][797]BlueprintLog: New page: Pre-PIE auto-recompile
[2016.02.28-01.01.03:974][797]LogPlayLevel: [PIE] Compiling MyCharacter before PIE...
[2016.02.28-01.01.05:831][797]LogPlayLevel: [PIE] Compiling CameraMain_Blueprint before PIE...
[2016.02.28-01.01.06:463][797]LogPlayLevel: [PIE] Compiling ThirdPersonAnimBlueprint before PIE...
[2016.02.28-01.01.07:429][797]LogPlayLevel: [PIE] Compiling bJumpCamera before PIE...
[2016.02.28-01.01.07:548][797]LogPlayLevel: [PIE] Compiling DashCamera before PIE...
[2016.02.28-01.01.07:655][797]LogPlayLevel: [PIE] Compiling DiveCamera before PIE...
[2016.02.28-01.01.07:851][797]LogPlayLevel: PIE:  Blueprint regeneration took 3949 ms (6 blueprints)
[2016.02.28-01.01.09:223][797]BlueprintLog: Info Blueprint CameraMain_Blueprint failed to compile
[2016.02.28-01.01.09:223][797]PIE: New page: PIE session: ThirdPersonExampleMap (Feb 27, 2016, 3:01:09 PM)
[2016.02.28-01.01.09:244][797]LogPlayLevel: PIE: StaticDuplicateObject took: (0.019878s)
[2016.02.28-01.01.09:245][797]LogPlayLevel: PIE: World Init took: (0.000720s)
[2016.02.28-01.01.09:245][797]LogPlayLevel: PIE: Created PIE world by copying editor world from /Game/ThirdPerson/Maps/ThirdPersonExampleMap.ThirdPersonExampleMap to /Game/ThirdPerson/Maps/UEDPIE_0_ThirdPersonExampleMap.ThirdPersonExampleMap (0.020838s)
[2016.02.28-01.01.09:343][797]LogWorld: Game class is 'MainGame_C'
[2016.02.28-01.01.09:346][797]LogAIModule: Creating AISystem for world ThirdPersonExampleMap
[2016.02.28-01.01.09:357][797]LogWorld: Bringing World /Game/ThirdPerson/Maps/UEDPIE_0_ThirdPersonExampleMap.ThirdPersonExampleMap up for play (max tick rate 0) at 2016.02.27-20.01.09
[2016.02.28-01.01.09:358][797]LogWorld: Bringing up level for play took: 0.010485
[2016.02.28-01.01.09:358][797]LogGameMode: Warning - PATHS NOT DEFINED or NO PLAYERSTART with positive rating
[2016.02.28-01.01.09:451][797]PIE: Info Play in editor start time for /Game/ThirdPerson/Maps/UEDPIE_0_ThirdPersonExampleMap 5.952
[2016.02.28-01.01.13:939][943]LogParticles: Destroying 0 GPU particle simulations for FXSystem 0x0000000067ED7CE0
[2016.02.28-01.08.41:065][188]LogUObjectGlobals:Warning: Failed to find object 'Object None.'
[2016.02.28-01.08.41:067][188]LogUObjectGlobals:Warning: Failed to find object 'Object None.'
[2016.02.28-01.08.41:070][188]LogUObjectGlobals:Warning: Failed to find object 'Object None.'
[2016.02.28-01.08.41:072][188]LogUObjectGlobals:Warning: F