Log file open, 02/27/16 20:15:37
LogInit:Display: Running engine for game: Cloud10
LogInit: Version: 4.7.6-2513093+++depot+UE4-Releases+4.7
LogInit: API Version: 2455222
LogInit: Compiled (64-bit): Apr 15 2015 12:09:54
LogInit: Compiled with Visual C++: 18.00.21005.01
LogInit: Build Configuration: Development
LogInit: Branch Name: ++depot+UE4-Releases+4.7
LogInit: Command line:  
LogInit: Base directory: C:/Program Files/Epic Games/4.7/Engine/Binaries/Win64/
LogInit: Rocket: 1
[2016.02.28-01.15.37:409][  0]LogTaskGraph: Started task graph with 3 named threads and 6 total threads.
[2016.02.28-01.15.37:460][  0]LogOnline:Warning: No default platform service specified for OnlineSubsystem
[2016.02.28-01.15.37:471][  0]LogInit: Presizing for 0 objects not considered by GC, pre-allocating 0 bytes.
[2016.02.28-01.15.37:479][  0]LogInit: Object subsystem initialized
[2016.02.28-01.15.37:480][  0]LogConsoleResponse:Warning: Skipping Unknown console variable: 'TranslucentSortAxis = (X=0.000000,Y=-1.000000,Z=0.000000)'
[2016.02.28-01.15.37:480][  0]LogConsoleResponse:Warning:   Found in ini file 'J:/My Documents/Unreal Projects/Cloud10_ver0.3_DiveFix/Saved/Config/Windows/Engine.ini', in section '[/Script/Engine.RendererSettings]'
[2016.02.28-01.15.37:480][  0]LogConsoleResponse:Warning: Skipping Unknown console variable: 'UIScaleRule = ShortestSide'
[2016.02.28-01.15.37:480][  0]LogConsoleResponse:Warning:   Found in ini file 'J:/My Documents/Unreal Projects/Cloud10_ver0.3_DiveFix/Saved/Config/Windows/Engine.ini', in section '[/Script/Engine.RendererSettings]'
[2016.02.28-01.15.37:480][  0]LogConsoleResponse:Warning: Skipping Unknown console variable: 'UIScaleCurve = (EditorCurveData=(Keys=),ExternalCurve=None)'
[2016.02.28-01.15.37:480][  0]LogConsoleResponse:Warning:   Found in ini file 'J:/My Documents/Unreal Projects/Cloud10_ver0.3_DiveFix/Saved/Config/Windows/Engine.ini', in section '[/Script/Engine.RendererSettings]'
[2016.02.28-01.15.37:481][  0]LogInit: Selected Device Profile: [Windows]
[2016.02.28-01.15.37:481][  0]LogInit: Applying CVar settings loaded from the selected device profile: [Windows]
[2016.02.28-01.15.37:496][  0]LogInit: Computer: ETC-TSTATOND
[2016.02.28-01.15.37:496][  0]LogInit: User: tstatond
[2016.02.28-01.15.37:496][  0]LogInit: CPU Page size=4096, Cores=4
[2016.02.28-01.15.37:496][  0]LogInit: High frequency timer resolution =3.312734 MHz
[2016.02.28-01.15.37:496][  0]LogMemory: Memory total: Physical=16.0GB (16GB approx) Virtual=8192.0GB
[2016.02.28-01.15.37:497][  0]LogMemory: Platform Memory Stats for Windows
[2016.02.28-01.15.37:497][  0]LogMemory: Process Physical Memory: 47.82 MB used, 47.82 MB peak
[2016.02.28-01.15.37:497][  0]LogMemory: Process Virtual Memory: 24.35 MB used, 24.35 MB peak
[2016.02.28-01.15.37:497][  0]LogMemory: Physical Memory: 7478.61 MB used, 16335.18 MB total
[2016.02.28-01.15.37:497][  0]LogMemory: Virtual Memory: 277.63 MB used, 8388608.00 MB total
[2016.02.28-01.15.37:520][  0]LogD3D11RHI: Found D3D11 adapter 0: AMD Radeon (TM) R9 200 Series (Feature Level 11_0)
[2016.02.28-01.15.37:520][  0]LogD3D11RHI: Adapter has 2027MB of dedicated video memory, 0MB of dedicated system memory, and 3840MB of shared system memory, 2 output[s]
[2016.02.28-01.15.37:520][  0]LogD3D11RHI: Chosen D3D11 Adapter Id = 0
[2016.02.28-01.15.37:525][  0]LogRHI: Texture pool is 1361 MB (70% of 1945 MB)
[2016.02.28-01.15.37:530][  0]LogD3D11RHI: Async texture creation disabled: no driver support
[2016.02.28-01.15.37:584][  0]LogTextLocalizationManager: The requested culture ('en_US') has no localization data; parent culture's ('en') localization data will be used.
[2016.02.28-01.15.37:630][  0]LogTextLocalizationManager:Warning: Loading localization resources contain conflicting entries for (Namespace:UICommands, Key:Save_ToolTip):
Resource: (C:/Program Files/Epic Games/4.7/Engine/Content/Localization/Editor/en/Editor.locres) Hash: (-29098895) String: (Saves the current level to disk)
Resource: (C:/Program Files/Epic Games/4.7/Engine/Content/Localization/Engine/en/Engine.locres) Hash: (-1280300587) String: (Save selected data to vlog file)
[2016.02.28-01.15.37:631][  0]LogTextLocalizationManager:Warning: Loading localization resources contain conflicting entries for (Namespace:ContentBrowser, Key:ImportAssetToolTip):
Resource: (C:/Program Files/Epic Games/4.7/Engine/Content/Localization/Editor/en/Editor.locres) Hash: (-630476809) String: (Import to {0}...)
Resource: (C:/Program Files/Epic Games/4.7/Engine/Content/Localization/Editor/en/Editor.locres) Hash: (1271782899) String: (Imports an asset from file to this folder.)
[2016.02.28-01.15.37:698][  0]LogContentStreaming: Texture pool size is 0.000000MB
[2016.02.28-01.15.39:691][  0]LogTargetPlatformManager:Display: Building Assets For Windows
[2016.02.28-01.15.40:263][  0]LogTargetPlatformManager:Display: Building Assets For Windows
[2016.02.28-01.15.40:317][  0]LogDerivedDataCache:Display: Max Cache Size: 512 MB
[2016.02.28-01.15.40:353][  0]LogDerivedDataCache: Loaded boot cache 0.04s 41MB C:/Users/tstatond/AppData/Local/UnrealEngine/4.7/DerivedDataCache/Boot.ddc.
[2016.02.28-01.15.40:353][  0]LogDerivedDataCache:Display: Loaded Boot cache: C:/Users/tstatond/AppData/Local/UnrealEngine/4.7/DerivedDataCache/Boot.ddc
[2016.02.28-01.15.40:353][  0]LogDerivedDataCache: FDerivedDataBackendGraph:  Pak pak cache file J:/My Documents/Unreal Projects/Cloud10_ver0.3_DiveFix/DerivedDataCache/DDC.ddp not found, will not use a pak cache.
[2016.02.28-01.15.40:353][  0]LogDerivedDataCache: Unable to find inner node Pak for hierarchical cache Hierarchy.
[2016.02.28-01.15.40:451][  0]LogDerivedDataCache:Display: Pak cache opened for reading ../../../Engine/DerivedDataCache/Compressed.ddp.
[2016.02.28-01.15.40:463][  0]LogDerivedDataCache: Using Local data cache path C:/Users/tstatond/AppData/Local/UnrealEngine/Common/DerivedDataCache: Writable
[2016.02.28-01.15.41:145][  0]LogMeshUtilities: No automatic mesh reduction module available
[2016.02.28-01.15.41:145][  0]LogMeshUtilities: No automatic mesh merging module available
[2016.02.28-01.15.41:434][  0]LogInit: WinSock: version 1.1 (2.2), MaxSocks=32767, MaxUdp=65467
[2016.02.28-01.15.41:500][  0]LogSlate:Warning: Failed to load font data from '../../../Engine/Content/Slate/Fonts/Roboto-Italic.ttf'
[2016.02.28-01.15.42:143][  0]UdpMessaging: Initializing bridge on interface 0.0.0.0:0 to multicast group 230.0.0.1:6666.
[2016.02.28-01.15.42:514][  0]LogLinker:Warning: Asset '../../../Engine/Content/EngineMeshes/Humanoid.uasset' has been saved with empty engine version. The asset will be loaded but may be incompatible.
[2016.02.28-01.15.43:786][  0]LogBlueprint:Warning: [third_char_2] CreatePinForVariable: 'Camera2' variable not found. Base class was probably changed.
[2016.02.28-01.15.43:789][  0]LogBlueprint:Warning: [third_char_2] CreatePinForVariable: 'Camera1' variable not found. Base class was probably changed.
[2016.02.28-01.15.43:802][  0]LogBlueprint:Warning: [compiler] Warning Could not find a variable named "Camera2" in 'third_char_2_C'.
Make sure 'third_char_2_C' has been compiled for  Get Camera2 
[2016.02.28-01.15.43:802][  0]LogBlueprint:Warning: [compiler] Warning Could not find a variable named "Camera1" in 'third_char_2_C'.
Make sure 'third_char_2_C' has been compiled for  Get Camera1 
[2016.02.28-01.15.43:806][  0]LogBlueprint:Warning: [compiler] Warning [0008.64] Compile of third_char_2 successful, but with 2 Warning(s) [in 14 ms]
[2016.02.28-01.15.43:807][  0]LogBlueprint:Warning: [compiler] Warning [0008.64] Compile of third_char_2 successful, but with 3 Warning(s) [in 0 ms]
[2016.02.28-01.15.43:807][  0]LogBlueprint:Warning: [compiler] Warning [0008.64] Compile of third_char_2 successful, but with 4 Warning(s) [in 0 ms]
[2016.02.28-01.15.43:807][  0]LogBlueprint:Warning: [compiler] Warning [0008.64] Compile of third_char_2 successful, but with 5 Warning(s) [in 0 ms]
[2016.02.28-01.15.43:818][  0]LogBlueprint:Warning: [compiler] Warning Could not find a variable named "Camera2" in 'third_char_2_C'.
Make sure 'third_char_2_C' has been compiled for  Get Camera2 
[2016.02.28-01.15.43:819][  0]LogBlueprint:Warning: [compiler] Warning Could not find a variable named "Camera1" in 'third_char_2_C'.
Make sure 'third_char_2_C' has been compiled for  Get Camera1 
[2016.02.28-01.15.43:824][  0]LogBlueprint:Warning: [compiler] Warning [0008.66] Compile of third_char_2 successful, but with 2 Warning(s) [in 16 ms]
[2016.02.28-01.15.43:824][  0]LogBlueprint:Warning: [compiler] Warning [0008.66] Compile of third_char_2 successful, but with 3 Warning(s) [in 0 ms]
[2016.02.28-01.15.44:054][  0]SourceControl: Info Source control is disabled
[2016.02.28-01.15.44:054][  0]SourceControl: Info Source control is disabled
[2016.02.28-01.15.44:054][  0]SourceControl: Info Source control is disabled
[2016.02.28-01.15.44:054][  0]LogSourceControl: RunCommandInternalRaw: 'git version'
[2016.02.28-01.15.44:054][  0]LogSourceControl: RunCommandInternalRaw: ExecProcess ReturnCode=2 OutResults=''
[2016.02.28-01.15.44:061][  0]SourceControl: Info Source control is disabled
[2016.02.28-01.15.44:225][  0]LogObj: 60389 objects as part of root set at end of initial load.
[2016.02.28-01.15.44:225][  0]LogUObjectAllocator: 17443144 out of 0 bytes used by permanent object pool.
[2016.02.28-01.15.44:295][  0]LogEngine: Initializing Engine...
[2016.02.28-01.15.47:448][  0]LogInit: XAudio2 using 'Speakers (High Definition Audio Device)' : 2 channels at 48 kHz using 16 bits per sample (channel mask 0x3)
[2016.02.28-01.15.47:453][  0]LogInit: FAudioDevice initialized.
[2016.02.28-01.15.47:486][  0]LogAIModule: Creating AISystem for world NewWorld
[2016.02.28-01.15.47:513][  0]LogDerivedDataCache: Saved boot cache 0.03s 41MB C:/Users/tstatond/AppData/Local/UnrealEngine/4.7/DerivedDataCache/Boot.ddc.
[2016.02.28-01.15.47:517][  0]LogInit: Texture streaming: Enabled
[2016.02.28-01.15.47:605][  0]LogAnalytics: Creating configured Analytics provider AnalyticsET
[2016.02.28-01.15.47:605][  0]LogAnalytics: ET APIKey = Rocket.Release. APIServer = http://et2.epicgames.com/ET2/. AppVersion = 4.7.6-2513093+++depot+UE4-Releases+4.7
[2016.02.28-01.15.47:605][  0]LogAnalytics: ET APIKey = Rocket.Release. DataRouterUploadURL = https://datarouter-public-service-gamedev.ol.epicgames.net/datarouter/api/v1/public/data. AppVersion = 4.7.6-2513093+++depot+UE4-Releases+4.7
[2016.02.28-01.15.47:606][  0]LogAnalytics: SetUserId d48f349e453f884d166d5a8706fd8904|2c153bfc131440298c9ce76e266b750a|ab14c062-2a1d-4bb2-85a7-20488fa77ece
[2016.02.28-01.15.47:606][  0]LogAnalytics: AnalyticsET::StartSession [Rocket.Release]
[2016.02.28-01.15.47:629][  0]LogInit: Transaction tracking system initialized
[2016.02.28-01.15.47:803][  0]BlueprintLog: New page: Editor Load
[2016.02.28-01.15.47:838][  0]LogAssetRegistry: FAssetRegistry took 0.0099 seconds to start up
[2016.02.28-01.15.47:838][  0]LogDirectoryWatcher:Warning: Failed to begin reading directory changes for ../../../Engine/Plugins/Experimental/CharacterAI/Content/. Error: 0
[2016.02.28-01.15.48:583][  0]LogTargetPlatformManager:Display: Building Assets For Windows
[2016.02.28-01.15.49:071][  0]LogTargetPlatformManager:Display: Building Assets For Windows
[2016.02.28-01.15.49:377][  0]LogSlate:Warning: Failed to load font data from '../../../Engine/Content/Editor/Slate/Fonts/Roboto-Regular.ttf'
[2016.02.28-01.15.49:377][  0]LogSlate:Warning: Failed to load font data from '../../../Engine/Content/Editor/Slate/Fonts/Roboto-Bold.ttf'
[2016.02.28-01.15.49:382][  0]LogConsoleResponse:Display: 
[2016.02.28-01.15.49:624][  0]LogCook:Display: Done creating registry. It took  0.00s.
[2016.02.28-01.15.49:760][  0]SourceControl: Info Source control is disabled
[2016.02.28-01.15.57:755][  0]LoadErrors: New page: Loading package: /Game/ThirdPerson/Blueprints/MyCharacter
[2016.02.28-01.15.57:895][  0]Cmd: MAP LOAD FILE="J:/My Documents/Unreal Projects/Cloud10_ver0.3_DiveFix/Content/ThirdPerson/Maps/ThirdPersonExampleMap.umap" TEMPLATE=0 SHOWPROGRESS=1 FEATURELEVEL=3
[2016.02.28-01.15.57:900][  0]LightingResults: New page: Lighting Build
[2016.02.28-01.15.57:913][  0]MapCheck: New page: Map Check
[2016.02.28-01.15.57:913][  0]LightingResults: New page: Lighting Build
[2016.02.28-01.15.57:928][  0]LogParticles: Destroying 0 GPU particle simulations for FXSystem 0x0000000017E65760
[2016.02.28-01.15.58:821][  0]LogEditorServer: Finished looking for orphan Actors (0.000 secs)
[2016.02.28-01.15.59:685][  0]LogAIModule: Creating AISystem for world ThirdPersonExampleMap
[2016.02.28-01.15.59:691][  0]Cmd: MAP CHECKDEP
[2016.02.28-01.15.59:692][  0]MapCheck: New page: ThirdPersonExampleMap - Feb 27, 2016, 3:15:59 PM
[2016.02.28-01.15.59:799][  0]MapCheck: Info Map check complete: 0 Error(s), 0 Warning(s), took 107.731ms to complete.
[2016.02.28-01.15.59:799][  0]LogFileHelpers: Loading map 'ThirdPersonExampleMap' took 1.904
[2016.02.28-01.15.59:994][  0]LogStats:Warning: MetaData mismatch. Did you assign a stat to two groups? New //STATGROUP_Threads//SplashScreenThread///Thread_3cbc_0///////STATCAT_Advanced//// old //STATGROUP_Threads//SplashScreenThread///Thread_3d94_0///////STATCAT_Advanced////
[2016.02.28-01.15.59:994][  0]LogCollectionManager: Loaded 0 collections in 0.001979 seconds
[2016.02.28-01.16.00:008][  0]LogContentBrowser: Native class hierarchy populated in 0.0142 seconds. Added 1700 classes and 263 folders.
[2016.02.28-01.16.00:056][  0]LogContentBrowser: Native class hierarchy updated for 'SceneOutliner' in 0.0055 seconds. Added 1 classes and 2 folders.
[2016.02.28-01.16.00:181][  0]LogCrashTracker: Crashtracker disabled due to settings.
[2016.02.28-01.16.00:182][  0]LogSlate:Warning: Failed to load font data from 'Veranda'
[2016.02.28-01.16.00:188][  0]LogUObjectGlobals:Warning: Failed to find object 'Class None.'
[2016.02.28-01.16.00:212][  0]LogLoad: Full Startup: 25.04 seconds (BP compile: 0.47 seconds)
[2016.02.28-01.16.00:252][  0]LogContentBrowser:Verbose: The content browser source was changed by the sources view to '/Game/ThirdPerson'
[2016.02.28-01.16.00:518][  0]LogRenderer:Warning: Reallocating scene render targets to support 1616x808 (Frame:2).
[2016.02.28-01.16.02:721][  7]LogAssetRegistry: Asset discovery search completed in 14.8931 seconds
[2016.02.28-01.17.42:154][310]LogContentBrowser:Verbose: The content browser source was changed by the sources view to '/Game/ThirdPerson/Blueprints'
[2016.02.28-01.20.59:566][258]BlueprintLog: New page: Pre-PIE auto-recompile
[2016.02.28-01.20.59:611][258]LogActorComponent: UnregisterComponent: (/Engine/Transient.CharMoveComp) Not registered. Aborting.
[2016.02.28-01.20.59:611][258]LogActorComponent: UnregisterComponent: (/Engine/Transient.CharacterMovementComponent_0) Not registered. Aborting.
[2016.02.28-01.20.59:611][258]LogActorComponent: UnregisterComponent: (/Engine/Transient.RotatingMovementComponent_0) Not registered. Aborting.
[2016.02.28-01.20.59:651][258]LogPlayLevel: [PIE] Compiling MyCharacter before PIE...
[2016.02.28-01.21.01:474][258]LogPlayLevel: [PIE] Compiling CameraMain_Blueprint before PIE...
[2016.02.28-01.21.02:009][258]LogPlayLevel: [PIE] Compiling ThirdPersonAnimBlueprint before PIE...
[2016.02.28-01.21.02:148][258]LogPlayLevel: [PIE] Compiling bJumpCamera before PIE...
[2016.02.28-01.21.02:227][258]LogPlayLevel: [PIE] Compiling DashCamera before PIE...
[2016.02.28-01.21.02:310][258]LogPlayLevel: [PIE] Compiling DiveCamera before PIE...
[2016.02.28-01.21.02:484][258]LogPlayLevel: PIE:  Blueprint regeneration took 2918 ms (6 blueprints)
[2016.02.28-01.21.04:061][258]BlueprintLog: Info Blueprint CameraMain_Blueprint failed to compile
[2016.02.28-01.21.04:061][258]PIE: New page: PIE session: ThirdPersonExampleMap (Feb 27, 2016, 3:21:04 PM)
[2016.02.28-01.21.04:099][258]LogPlayLevel: PIE: StaticDuplicateObject took: (0.018852s)
[2016.02.28-01.21.04:100][258]LogPlayLevel: PIE: World Init took: (0.000842s)
[2016.02.28-01.21.04:100][258]LogPlayLevel: PIE: Created PIE world by copying editor world from /Game/ThirdPerson/Maps/ThirdPersonExampleMap.ThirdPersonExampleMap to /Game/ThirdPerson/Maps/UEDPIE_0_ThirdPersonExampleMap.ThirdPersonExampleMap (0.019894s)
[2016.02.28-01.21.04:221][258]LogLinker:Warning: Can't find file '/Game/PlatformerGame/Content/Slate/Fonts/Roboto-Light'
[2016.02.28-01.21.04:223][258]LogLinker:Warning: Can't find file for asset '/Game/PlatformerGame/Content/Slate/Fonts/Roboto-Light' while loading J:/My Documents/Unreal Projects/Cloud10_ver0.3_DiveFix/Content/ThirdPerson/Blueprints/MainHud.uasset.
[2016.02.28-01.21.04:223][258]LoadErrors:Error: Error /Game/ThirdPerson/Blueprints/MainHud : Can't find file for asset. /Game/PlatformerGame/Content/Slate/Fonts/Roboto-Light
[2016.02.28-01.21.04:225][258]LogLinker:Warning: Can't find file '/Game/PlatformerGame/Content/Slate/Fonts/Roboto-Light'
[2016.02.28-01.21.04:225][258]LogLinker:Warning: Can't find file for asset '/Game/PlatformerGame/Content/Slate/Fonts/Roboto-Light' while loading J:/My Documents/Unreal Projects/Cloud10_ver0.3_DiveFix/Content/ThirdPerson/Blueprints/MainHud.uasset.
[2016.02.28-01.21.04:227][258]LogLinker:Warning: Can't find file '/Game/PlatformerGame/Content/Slate/Fonts/Roboto-Light'
[2016.02.28-01.21.04:227][258]LogLinker:Warning: Can't find file for asset '/Game/PlatformerGame/Content/Slate/Fonts/Roboto-Light' while loading J:/My Documents/Unreal Projects/Cloud10_ver0.3_DiveFix/Content/ThirdPerson/Blueprints/MainGame.uasset.
[2016.02.28-01.21.04:227][258]LoadErrors:Error: Error /Game/ThirdPerson/Blueprints/MainGame : Can't find file for asset. /Game/PlatformerGame/Content/Slate/Fonts/Roboto-Light
[2016.02.28-01.21.04:227][258]LogLinker:Warning: Can't find file '/Game/PlatformerGame/Content/Slate/Fonts/Roboto-Light'
[2016.02.28-01.21.04:227][258]LogLinker:Warning: Can't find file for asset '/Game/PlatformerGame/Content/Slate/Fonts/Roboto-Light' while loading J:/My Documents/Unreal Projects/Cloud10_ver0.3_DiveFix/Content/ThirdPerson/Blueprints/MainGame.uasset.
[2016.02.28-01.21.04:232][258]LogLinker:Warning: Can't find file '/Game/PlatformerGame/Content/Slate/Fonts/Roboto-Light'
[2016.02.28-01.21.04:232][258]LoadErrors: Info Failed to load /Game/PlatformerGame/Content/Slate/Fonts/Roboto-Light.Roboto-Light Referenced by EdGraphPin_38781
[2016.02.28-01.21.04:232][258]LogLinker:Warning: Can't find file for asset '/Game/PlatformerGame/Content/Slate/Fonts/Roboto-Light' while loading J:/My Documents/Unreal Projects/Cloud10_ver0.3_DiveFix/Content/ThirdPerson/Blueprints/MainGame.uasset.
[2016.02.28-01.21.04:412][258]LogWorld: Game class is 'MainGame_C'
[2016.02.28-01.21.04:414][258]LogAIModule: Creating AISystem for world ThirdPersonExampleMap
[2016.02.28-01.21.04:423][258]LogWorld: Bringing World /Game/ThirdPerson/Maps/UEDPIE_0_ThirdPersonExampleMap.ThirdPersonExampleMap up for play (max tick rate 0) at 2016.02.27-20.21.04
[2016.02.28-01.21.04:424][258]LogWorld: Bringing up level for play took: 0.010117
[2016.02.28-01.21.04:425][258]LogGameMode: Warning - PATHS NOT DEFINED or NO PLAYERSTART with positive rating
[2016.02.28-01.21.04:525][258]PIE: Info Play in editor start time for /Game/ThirdPerson/Maps/UEDPIE_0_ThirdPersonExampleMap 4.941
[2016.02.28-01.21.16:943][904]LogParticles: Destroying 0 GPU particle simulations for FXSystem 0x00000000513B8B80
[2016.02.28-01.21.42:093][916]LogUObjectGlobals:Warning: Failed to find object 'Object None.'
[2016.02.28-01.21.42:098][916]LogUObjectGlobals:Warning: Failed to find object 'Object None.'
[2016.02.28-01.21.42:100][916]LogUObjectGlobals:Warning: Failed to find object 'Object None.'
[2016.02.28-01.21.42:167][916]LogUObjectHash:Warning: Ambiguous search, could be K2Node_IfThenElse /Game/ThirdPerson/Blueprints/MyCharacter.MyCharacter:EventGraph.K2Node_IfThenElse_203 or K2Node_IfThenElse /Game/ThirdPerson/Blueprints/third_char_2.third_char_2:ExecuteUbergraph_third_char_2.K2Node_IfThenElse_203
[2016.02.28-01.21.42:167][916]LogProperty:Warning: ObjectProperty /Script/Engine.EdGraphPin:LinkedTo.LinkedTo: unresolved reference to 'EdGraphPin'K2Node_IfThenElse_203.EdGraphPin_6994''
[2016.02.28-01.21.42:176][916]LogUObjectHash:Warning: Ambiguous search, could be K2Node_CallFunction /Game/ThirdPerson/Blueprints/MyCharacter.MyCharacter:EventGraph.K2Node_CallFunction_3650 or K2Node_CallFunction /Engine/Transient.PROTO_BP_Blueprint_0:UserConstructionScript.K2Node_CallFunction_3650
[2016.02.28-01.21.42:178][916]LogProperty:Warning: ObjectProperty /Script/Engine.EdGraphPin:LinkedTo.LinkedTo: unresolved reference to 'EdGraphPin'K2Node_CallFunction_3650.EdGraphPin_6985''
[2016.02.28-01.24.21:876][804]LogRenderer:Warning: Reallocating scene render targets to support 1616x1256 (Frame:856).
[2016.02.28-01.24.35:212][937]LogSavePackage: Save=5792.065918ms
[2016.02.28-01.24.35:212][937]LogSavePackage: Moving 'J:/My Documents/Unreal Projects/Cloud10_ver0.3_DiveFix/Saved/ThirdPersonExampleMap0E0157D74BE3327F0CF44F954576887E.tmp' to 'J:/My Documents/Unreal Projects/Cloud10_ver0.3_DiveFix/Content/ThirdPerson/Maps/ThirdPersonExampleMap.umap'
[2016.02.28-01.24.35:256][937]LogFileHelpers: Saving map 'ThirdPersonExampleMap' took 6.940
[2016.02.28-01.24.35:284][937]Cmd: OBJ SAVEPACKAGE PACKAGE="/Game/ThirdPerson/Blueprints/MyCharacter" FILE="J:/My Documents/Unreal Projects/Cloud10_ver0.3_DiveFix/Content/ThirdPerson/Blueprints/MyCharacter.uasset" SILENT=true
[2016.02.28-01.24.52:685][937]LogSavePackage: Save=17298.777344ms
[2016.02.28-01.24.52:685][937]LogSavePackage: Moving 'J:/My Documents/Unreal Projects/Cloud10_ver0.3_DiveFix/Saved/MyCharacter642873644426602092E485A326672CD2.tmp' to 'J:/My Documents/Unreal Projects/Cloud10_ver0.3_DiveFix/Content/ThirdPerson/Blueprints/MyCharacter.uasset'
[2016.02.28-01.24.56:636][ 31]LogContentBrowser:Verbose: The content browser source was changed by the sources view to '/Game/ThirdPerson/Character'
[2016.02.28-01.24.58:783][ 63]LogLinker:Warning: Asset '../../../Engine/Content/Tutorial/SubEditors/PersonaAnimEditorTutorial.uasset' has been saved with empty engine version. The asset will be loaded but may be incompatible.
[2016.02.28-01.25.11:224][841]BlueprintLog: New page: Compile ThirdPersonAnimBlueprint
[2016.02.28-01.25.11:443][841]LogActorComponent: UnregisterComponent: (/Engine/Transient.CharMoveComp) Not registered. Aborting.
[2016.02.28-01.25.11:443][841]LogActorComponent: UnregisterComponent: (/Engine/Transient.RotatingMovementComponent_0) Not registered. Aborting.
[2016.02.28-01.25.11:444][841]LogActorComponent: UnregisterComponent: (/Engine/Transient.CharacterMovementComponent_1) Not registered. Aborting.
[2016.02.28-01.25.11:486][841]BlueprintEditorCompileResults: Info [0576.28] Compile of ThirdPersonAnimBlueprint successful! [in 261 ms]
[2016.02.28-01.25.17:376][210]BlueprintLog: New page: Pre-PIE auto-recompile
[2016.02.28-01.25.17:413][210]LogPlayLevel: [PIE] Compiling MyCharacter before PIE...
[2016.02.28-01.25.19:445][210]LogPlayLevel: [PIE] Compiling CameraMain_Blueprint before PIE...
[2016.02.28-01.25.19:964][210]LogPlayLevel: [PIE] Compiling ThirdPersonAnimBlueprint before PIE...
[2016.02.28-01.25.20:097][210]LogPlayLevel: [PIE] Compiling bJumpCamera before PIE...
[2016.02.28-01.25.20:176][210]LogPlayLevel: [PIE] Compiling DashCamera before PIE...
[2016.02.28-01.25.20:262][210]LogPlayLevel: [PIE] Compiling DiveCamera before PIE...
[2016.02.28-01.25.20:488][210]LogPlayLevel: PIE:  Blueprint regeneration took 3112 ms (6 blueprints)
[2016.02.28-01.25.21:635][210]BlueprintLog: Info Blueprint CameraMain_Blueprint failed to compile
[2016.02.28-01.25.21:635][210]PIE: New page: PIE session: ThirdPersonExampleMap (Feb 27, 2016, 3:25:21 PM)
[2016.02.28-01.25.21:683][210]LogPlayLevel: PIE: StaticDuplicateObject took: (0.017436s)
[2016.02.28-01.25.21:684][210]LogPlayLevel: PIE: World Init took: (0.000826s)
[2016.02.28-01.25.21:684][210]LogPlayLevel: PIE: Created PIE world by copying editor world from /Game/ThirdPerson/Maps/ThirdPersonExampleMap.ThirdPersonExampleMap to /Game/ThirdPerson/Maps/UEDPIE_0_ThirdPersonExampleMap.ThirdPersonExampleMap (0.018546s)
[2016.02.28-01.25.21:761][210]LogWorld: Game class is 'MainGame_C'
[2016.02.28-01.25.21:763][210]LogAIModule: Creating AISystem for world ThirdPersonExampleMap
[2016.02.28-01.25.21:772][210]LogWorld: Bringing World /Game/ThirdPerson/Maps/UEDPIE_0_ThirdPersonExampleMap.ThirdPersonExampleMap up for play (max tick rate 0) at 2016.02.27-20.25.21
[2016.02.28-01.25.21:871][210]LogWorld: Bringing up level for play took: 0.107660
[2016.02.28-01.25.21:872][210]LogGameMode: Warning - PATHS NOT DEFINED or NO PLAYERSTART with positive rating
[2016.02.28-01.25.21:896][210]PIE: Info Play in editor start time for /Game/ThirdPerson/Maps/UEDPIE_0_ThirdPersonExampleMap 4.294
[2016.02.28-01.25.27:143][481]LogBlueprintUserMessages: 0.0
[2016.02.28-01.25.27:159][482]LogBlueprintUserMessages: 0.0
[2016.02.28-01.25.27:174][483]LogBlueprintUserMessages: 0.0
[2016.02.28-01.25.27:235][484]LogBlueprintUserMessages: 0.0
[2016.02.28-01.25.27:249][485]LogBlueprintUserMessages: 0.0
[2016.02.28-01.25.27:260][486]LogBlueprintUserMessages: 0.0
[2016.02.28-01.25.27:272][487]LogBlueprintUserMessages: 0.0
[2016.02.28-01.25.27:311][488]LogBlueprintUserMessages: 0.0
[2016.02.28-01.25.27:320][489]LogBlueprintUserMessages: 0.0
[2016.02.28-01.25.27:330][490]LogBlueprintUserMessages: 0.0
[2016.02.28-01.25.27:341][491]LogBlueprintUserMessages: 0.0
[2016.02.28-01.25.27:356][492]LogBlueprintUserMessages: 0.0
[2016.02.28-01.25.27:372][493]LogBlueprintUserMessages: 0.0
[2016.02.28-01.25.27:387][494]LogBlueprintUserMessages: 0.0
[2016.02.28-01.25.27:403][495]LogBlueprintUserMessages: 0.0
[2016.02.28-01.25.27:416][496]LogBlueprintUserMessages: 0.0
[2016.02.28-01.25.27:432][497]LogBlueprintUserMessages: 0.0
[2016.02.28-01.25.27:447][498]LogBlueprintUserMessages: 0.0
[2016.02.28-01.25.27:462][499]LogBlueprintUserMessages: 0.0
[2016.02.28-01.25.27:477][500]LogBlueprintUserMessages: 0.0
[2016.02.28-01.25.27:492][501]LogBlueprintUserMessages: 0.0
[2016.02.28-01.25.27:507][502]LogBlueprintUserMessages: 0.0
[2016.02.28-01.25.27:523][503]LogBlueprintUserMessages: 0.0
[2016.02.28-01.25.27:538][504]LogBlueprintUserMessages: 0.0
[2016.02.28-01.25.27:553][505]LogBlueprintUserMessages: 0.0
[2016.02.28-01.25.27:568][506]LogBlueprintUserMessages: 0.0
[2016.02.28-01.25.27:583][507]LogBlueprintUserMessages: 0.0
[2016.02.28-01.25.27:599][508]LogBlueprintUserMessages: 0.0
[2016.02.28-01.25.27:618][509]LogBlueprintUserMessages: 0.0
[2016.02.28-01.25.27:630][510]LogBlueprintUserMessages: 0.0
[2016.02.28-01.25.27:645][511]LogBlueprintUserMessages: 0.0
[2016.02.28-01.25.27:660][512]LogBlueprintUserMessages: 0.0
[2016.02.28-01.25.27:675][513]LogBlueprintUserMessages: 0.0
[2016.02.28-01.25.27:725][514]LogBlueprintUserMessages: 0.0
[2016.02.28-01.25.27:767][515]LogBlueprintUserMessages: 0.0
[2016.02.28-01.25.27:778][516]LogBlueprintUserMessages: 0.0
[2016.02.28-01.25.27:833][517]LogBlueprintUserMessages: 0.0
[2016.02.28-01.25.27:868][518]LogBlueprintUserMessages: 0.0
[2016.02.28-01.25.27:879][519]LogBlueprintUserMessages: 0.0
[2016.02.28-01.25.27:922][520]LogBlueprintUserMessages: 0.0
[2016.02.28-01.25.27:956][521]LogBlueprintUserMessages: 0.0
[2016.02.28-01.25.27:966][522]LogBlueprintUserMessages: 0.0
[2016.02.28-01.25.27:976][523]LogBlueprintUserMessages: 0.0
[2016.02.28-01.25.28:022][524]LogBlueprintUserMessages: 0.0
[2016.02.28-01.25.28:055][525]LogBlueprintUserMessages: 0.0
[2016.02.28-01.25.28:066][526]LogBlueprintUserMessages: 0.0
[2016.02.28-01.25.28:077][527]LogBlueprintUserMessages: 0.0
[2016.02.28-01.25.28:088][528]LogBlueprintUserMessages: 0.0
[2016.02.28-01.25.28:104][529]LogBlueprintUserMessages: 0.0
[2016.02.28-01.25.28:118][530]LogBlueprintUserMessages: 0.0
[2016.02.28-01.25.28:134][531]LogBlueprintUserMessages: 0.0
[2016.02.28-01.25.28:149][532]LogBlueprintUserMessages: 0.0
[2016.02.28-01.25.28:165][533]LogBlueprintUserMessages: 0.0
[2016.02.28-01.25.28:180][534]LogBlueprintUserMessages: 0.0
[2016.02.28-01.25.28:196][535]LogBlueprintUserMessages: 0.0
[2016.02.28-01.25.28:210][536]LogBlueprintUserMessages: 0.0
[2016.02.28-01.25.28:227][537]LogBlueprintUserMessages: 0.0
[2016.02.28-01.25.28:242][538]LogBlueprintUserMessages: 0.0
[2016.02.28-01.25.28:257][539]LogBlueprintUserMessages: 0.0
[2016.02.28-01.25.28:272][540]LogBlueprintUserMessages: 0.0
[2016.02.28-01.25.28:288][541]LogBlueprintUserMessages: 0.0
[2016.02.28-01.25.28:437][542]LogBlueprintUserMessages: 0.0
[2016.02.28-01.25.28:449][543]LogBlueprintUserMessages: 0.0
[2016.02.28-01.25.28:459][544]LogBlueprintUserMessages: 0.0
[2016.02.28-01.25.28:470][545]LogBlueprintUserMessages: 0.0
[2016.02.28-01.25.28:487][546]LogBlueprintUserMessages: 0.0
[2016.02.28-01.25.28:500][547]LogBlueprintUserMessages: 0.0
[2016.02.28-01.25.28:516][548]LogBlueprintUserMessages: 0.0
[2016.02.28-01.25.28:531][549]LogBlueprintUserMessages: 0.0
[2016.02.28-01.25.28:547][550]LogBlueprintUserMessages: 0.0
[2016.02.28-01.25.28:562][551]LogBlueprintUserMessages: 0.0
[2016.02.28-01.25.28:579][552]LogBlueprintUserMessages: 0.0
[2016.02.28-01.25.28:594][553]LogBlueprintUserMessages: 0.0
[2016.02.28-01.25.28:611][554]LogBlueprintUserMessages: 0.0
[2016.02.28-01.25.28:626][555]LogBlueprintUserMessages: 0.0
[2016.02.28-01.25.28:641][556]LogBlueprintUserMessages: 0.0
[2016.02.28-01.25.28:658][557]LogBlueprintUserMessages: 0.0
[2016.02.28-01.25.28:673][558]LogBlueprintUserMessages: 0.0
[2016.02.28-01.25.28:689][559]LogBlueprintUserMessages: 0.0
[2016.02.28-01.25.28:705][560]LogBlueprintUserMessages: 0.0
[2016.02.28-01.25.28:720][561]LogBlueprintUserMessages: 0.0
[2016.02.28-01.25.28:736][562]LogBlueprintUserMessages: 0.0
[2016.02.28-01.25.28:752][563]LogBlueprintUserMessages: 0.0
[2016.02.28-01.25.30:695][668]LogParticles: Destroying 0 GPU particle simulations for FXSystem 0x000000001DBAC2C0
[2016.02.28-01.25.44:744][239]BlueprintLog: New page: Pre-PIE auto-recompile
[2016.02.28-01.25.44:820][239]LogPlayLevel: [PIE] Compiling MyCharacter before PIE...
[2016.02.28-01.25.46:659][239]LogPlayLevel: [PIE] Compiling CameraMain_Blueprint before PIE...
[2016.02.28-01.25.47:181][239]LogPlayLevel: [PIE] Compiling ThirdPersonAnimBlueprint before PIE...
[2016.02.28-01.25.47:324][239]LogPlayLevel: [PIE] Compiling bJumpCamera before PIE...
[2016.02.28-01.25.47:407][239]LogPlayLevel: [PIE] Compiling DashCamera before PIE...
[2016.02.28-01.25.47:486][239]LogPlayLevel: [PIE] Compiling DiveCamera before PIE...
[2016.02.28-01.25.47:657][239]LogPlayLevel: PIE:  Blueprint regeneration took 2913 ms (6 blueprints)
[2016.02.28-01.25.52:759][239]BlueprintLog: Info Blueprint CameraMain_Blueprint failed to compile
[2016.02.28-01.26.01:438][778]BlueprintLog: New page: Pre-PIE auto-recompile
[2016.02.28-01.26.01:519][778]LogPlayLevel: [PIE] Compiling MyCharacter before PIE...
[2016.02.28-01.26.03:332][778]LogPlayLevel: [PIE] Compiling CameraMain_Blueprint before PIE...
[2016.02.28-01.26.03:840][778]LogPlayLevel: [PIE] Compiling ThirdPersonAnimBlueprint before PIE...
[2016.02.28-01.26.03:983][778]LogPlayLevel: [PIE] Compiling bJumpCamera before PIE...
[2016.02.28-01.26.04:066][778]LogPlayLevel: [PIE] Compiling DashCamera before PIE...
[2016.02.28-01.26.04:150][778]LogPlayLevel: [PIE] Compiling DiveCamera before PIE...
[2016.02.28-01.26.04:337][778]LogPlayLevel: PIE:  Blueprint regeneration took 2897 ms (6 blueprints)
[2016.02.28-01.26.06:106][778]BlueprintLog: Info Blueprint CameraMain_Blueprint failed to compile
[2016.02.28-01.26.06:106][778]PIE: New page: PIE session: ThirdPersonExampleMap (Feb 27, 2016, 3:26:06 PM)
[2016.02.28-01.26.06:121][778]LogPlayLevel: PIE: StaticDuplicateObject took: (0.013249s)
[2016.02.28-01.26.06:122][778]LogPlayLevel: PIE: World Init took: (0.001049s)
[2016.02.28-01.26.06:122][778]LogPlayLevel: PIE: Created PIE world by copying editor world from /Game/ThirdPerson/Maps/ThirdPersonExampleMap.ThirdPersonExampleMap to /Game/ThirdPerson/Maps/UEDPIE_0_ThirdPersonExampleMap.ThirdPersonExampleMap (0.014516s)
[2016.02.28-01.26.06:213][778]LogWorld: Game class is 'MainGame_C'
[2016.02.28-01.26.06:216][778]LogAIModule: Creating AISystem for world ThirdPersonExampleMap
[2016.02.28-01.26.06:227][778]LogWorld: Bringing World /Game/ThirdPerson/Maps/UEDPIE_0_ThirdPersonExampleMap.ThirdPersonExampleMap up for play (max tick rate 0) at 2016.02.27-20.26.06
[2016.02.28-01.26.06:228][778]LogWorld: Bringing up level for play took: 0.010859
[2016.02.28-01.26.06:266][778]LogGameMode: Warning - PATHS NOT DEFINED or NO PLAYERSTART with positive rating
[2016.02.28-01.26.06:367][778]PIE: Info Play in editor start time for /Game/ThirdPerson/Maps/UEDPIE_0_ThirdPersonExampleMap 4.762
[2016.02.28-01.26.12:956][  2]LogBlueprintUserMessages: 0.0
[2016.02.28-01.26.12:971][  3]LogBlueprintUserMessages: 0.0
[2016.02.28-01.26.13:031][  4]LogBlueprintUserMessages: 0.0
[2016.02.28-01.26.13:045][  5]LogBlueprintUserMessages: 0.0
[2016.02.28-01.26.13:057][  6]LogBlueprintUserMessages: 0.0
[2016.02.28-01.26.13:071][  7]LogBlueprintUserMessages: 0.0
[2016.02.28-01.26.13:083][  8]LogBlueprintUserMessages: 0.0
[2016.02.28-01.26.13:097][  9]LogBlueprintUserMessages: 0.0
[2016.02.28-01.26.13:112][ 10]LogBlueprintUserMessages: 0.0
[2016.02.28-01.26.13:128][ 11]LogBlueprintUserMessages: 0.0
[2016.02.28-01.26.13:181][ 12]LogBlueprintUserMessages: 0.0
[2016.02.28-01.26.13:194][ 13]LogBlueprintUserMessages: 0.0
[2016.02.28-01.26.13:206][ 14]LogBlueprintUserMessages: 0.0
[2016.02.28-01.26.13:219][ 15]LogBlueprintUserMessages: 0.0
[2016.02.28-01.26.13:233][ 16]LogBlueprintUserMessages: 0.0
[2016.02.28-01.26.13:248][ 17]LogBlueprintUserMessages: 0.0
[2016.02.28-01.26.13:261][ 18]LogBlueprintUserMessages: 0.0
[2016.02.28-01.26.13:278][ 19]LogBlueprintUserMessages: 0.0
[2016.02.28-01.26.13:292][ 20]LogBlueprintUserMessages: 0.0
[2016.02.28-01.26.13:308][ 21]LogBlueprintUserMessages: 0.0
[2016.02.28-01.26.13:323][ 22]LogBlueprintUserMessages: 0.0
[2016.02.28-01.26.13:337][ 23]LogBlueprintUserMessages: 0.0
[2016.02.28-01.26.13:352][ 24]LogBlueprintUserMessages: 0.0
[2016.02.28-01.26.13:368][ 25]LogBlueprintUserMessages: 0.0
[2016.02.28-01.26.13:383][ 26]LogBlueprintUserMessages: 0.0
[2016.02.28-01.26.13:398][ 27]LogBlueprintUserMessages: 0.0
[2016.02.28-01.26.13:414][ 28]LogBlueprintUserMessages: 0.0
[2016.02.28-01.26.13:430][ 29]LogBlueprintUserMessages: 0.0
[2016.02.28-01.26.13:445][ 30]LogBlueprintUserMessages: 0.0
[2016.02.28-01.26.13:459][ 31]LogBlueprintUserMessages: 0.0
[2016.02.28-01.26.13:474][ 32]LogBlueprintUserMessages: 0.0
[2016.02.28-01.26.13:490][ 33]LogBlueprintUserMessages: 0.0
[2016.02.28-01.26.13:505][ 34]LogBlueprintUserMessages: 0.0
[2016.02.28-01.26.13:521][ 35]LogBlueprintUserMessages: 0.0
[2016.02.28-01.26.13:535][ 36]LogBlueprintUserMessages: 0.0
[2016.02.28-01.26.13:551][ 37]LogBlueprintUserMessages: 0.0
[2016.02.28-01.26.13:566][ 38]LogBlueprintUserMessages: 0.0
[2016.02.28-01.26.13:582][ 39]LogBlueprintUserMessages: 0.0
[2016.02.28-01.26.13:597][ 40]LogBlueprintUserMessages: 0.0
[2016.02.28-01.26.13:614][ 41]LogBlueprintUserMessages: 0.0
[2016.02.28-01.26.13:631][ 42]LogBlueprintUserMessages: 0.0
[2016.02.28-01.26.13:697][ 43]LogBlueprintUserMessages: 0.0
[2016.02.28-01.26.13:733][ 44]LogBlueprintUserMessages: 0.0
[2016.02.28-01.26.13:745][ 45]LogBlueprintUserMessages: 0.0
[2016.02.28-01.26.13:783][ 46]LogBlueprintUserMessages: 0.0
[2016.02.28-01.26.13:815][ 47]LogBlueprintUserMessages: 0.0
[2016.02.28-01.26.13:827][ 48]LogBlueprintUserMessages: 0.0
[2016.02.28-01.26.13:865][ 49]LogBlueprintUserMessages: 0.0
[2016.02.28-01.26.13:877][ 50]LogBlueprintUserMessages: 0.0
[2016.02.28-01.26.13:938][ 51]LogBlueprintUserMessages: 0.0
[2016.02.28-01.26.13:951][ 52]LogBlueprintUserMessages: 0.0
[2016.02.28-01.26.13:963][ 53]LogBlueprintUserMessages: 0.0
[2016.02.28-01.26.13:976][ 54]LogBlueprintUserMessages: 0.0
[2016.02.28-01.26.13:989][ 55]LogBlueprintUserMessages: 0.0
[2016.02.28-01.26.14:005][ 56]LogBlueprintUserMessages: 0.0
[2016.02.28-01.26.14:020][ 57]LogBlueprintUserMessages: 0.0
[2016.02.28-01.26.14:036][ 58]LogBlueprintUserMessages: 0.0
[2016.02.28-01.26.14:053][ 59]LogBlueprintUserMessages: 0.0
[2016.02.28-01.26.14:067][ 60]LogBlueprintUserMessages: 0.0
[2016.02.28-01.26.14:083][ 61]LogBlueprintUserMessages: 0.0
[2016.02.28-01.26.14:098][ 62]LogBlueprintUserMessages: 0.0
[2016.02.28-01.26.14:116][ 63]LogBlueprintUserMessages: 0.0
[2016.02.28-01.26.14:131][ 64]LogBlueprintUserMessages: 0.0
[2016.